Unable to capture context for thread 2620 in process 2876, can not generate back trace
Unable to capture context for thread 3672 in process 2876, can not generate back trace
Unable to capture context for thread 8492 in process 2876, can not generate back trace
Unable to capture context for thread 8492 in process 2876, can not generate back trace
Exception at PC 0x00007FFD0836BB93
Printing stacktrace...

Exception at PC 0x00007FFD65903B29
Exception at PC 0x00007FFD65903B29
Exception at PC 0x00007FFD65903B29
Exception at PC 0x00007FFD65903B29
Exception at PC 0x00007FFD65903B29
Exception at PC 0x00007FFD65903B29
Exception at PC 0x00007FFD65903B29
Exception at PC 0x00007FFD65903B29
Exception at PC 0x00007FFD65903B29
Exception at PC 0x00007FFD65903B29
Exception at PC 0x00007FFD65903B29
Exception at PC 0x00007FFD65903B29
Exception at PC 0x00007FFD65903B29
Exception at PC 0x00007FFD65903B29
Exception at PC 0x00007FFD65903B29
[0]  [0x00007FFD0836BB93]
[1]  [0x00007FFD0836BB93]
[2]  [0x00007FFD0836B4A1]
[3]  [0x00007FFD0836B3EF]
[4]  [0x00007FFD083519FE]
[5]  [0x00007FFD08350ED1]
[6]  [0x00007FFD08350D76]
[7]  [0x00007FFD082F79F6]
[8]  [0x00007FFD082E7AFB]
[9]  [0x00007FFD0840E90A]
[10]  [0x00007FFD08429F87]
[11]  [0x00007FFD0842A05F]
[12] (BaseThreadInitThunk+0x14) [0x00007FFD67577C24]
[13] (RtlUserThreadStart+0x21) [0x00007FFD6802D4D1]
Done
Exception at PC 0x00007FFD65903B29
Exception at PC 0x00007FFD65903B29
