C51 COMPILER V9.60.0.0   MAIN                                                              02/20/2020 22:06:09 PAGE 1   


C51 COMPILER V9.60.0.0, COMPILATION OF MODULE MAIN
OBJECT MODULE PLACED IN .\Objects\main.obj
COMPILER INVOKED BY: C:\Program Files (x86)\Keil uVision 5\C51\BIN\C51.EXE main.c OPTIMIZE(8,SPEED) BROWSE DEBUG OBJECTE
                    -XTEND PRINT(.\Listings\main.lst) TABS(2) OBJECT(.\Objects\main.obj)

line level    source

   1          #include <reg51.h>
   2          
   3          unsigned int magicNum = 8192;
   4          
   5          void wait(unsigned int cycles);
   6          void ls(unsigned char times);
   7          void rs(unsigned char times);
   8          void bounce2(void);
   9          
  10          ////////////////////////////////
  11          
  12          int main(void)
  13          {
  14   1        unsigned char i;
  15   1        
  16   1        for(i=0;i<2;i++){bounce2();}
  17   1        for(i=0;i<2;i++){rs(1); ls(1);}
  18   1        rs(2); ls(2);
  19   1        return 0;
  20   1      }
  21          
  22          ////////////////////////////////
  23          
  24          void wait(unsigned int cycles)
  25          {
  26   1        unsigned int i;
  27   1        for(i = 0; i < cycles; i++);
  28   1      }
  29          
  30          void ls(unsigned char times)
  31          {
  32   1        unsigned char i, j;
  33   1        
  34   1        for(j=0; j<times; j++)
  35   1        {
  36   2          P1 = 0x01;
  37   2          
  38   2          for(i = 0; i < 8; i++)
  39   2          {
  40   3            wait(magicNum);
  41   3            P1 = P1 << 1;
  42   3          }
  43   2        }
  44   1      }
  45          
  46          void rs(unsigned char times)
  47          {
  48   1        unsigned char i, j;
  49   1        
  50   1        for(j=0; j<times; j++)
  51   1        {
  52   2          P1 = 0x80;
  53   2          
  54   2          for(i = 0; i < 8; i++)
C51 COMPILER V9.60.0.0   MAIN                                                              02/20/2020 22:06:09 PAGE 2   

  55   2          {
  56   3            wait(magicNum);
  57   3            P1 = P1 >> 1;
  58   3          }
  59   2        }
  60   1      }
  61          
  62          void bounce2(void)
  63          {
  64   1        unsigned char i;
  65   1        unsigned char first;
  66   1        unsigned char second;
  67   1        
  68   1          first = 0x01;
  69   1          second = 0x80;
  70   1          for(i = 0; i < 8; i++)
  71   1          {
  72   2            
  73   2            P1 = first | second;
  74   2            wait(magicNum);
  75   2            
  76   2            first = first << 1;
  77   2            second = second >> 1;
  78   2            
  79   2          }
  80   1      }


MODULE INFORMATION:   STATIC OVERLAYABLE
   CODE SIZE        =    200    ----
   CONSTANT SIZE    =   ----    ----
   XDATA SIZE       =   ----    ----
   PDATA SIZE       =   ----    ----
   DATA SIZE        =      2       1
   IDATA SIZE       =   ----    ----
   BIT SIZE         =   ----    ----
END OF MODULE INFORMATION.


C51 COMPILATION COMPLETE.  0 WARNING(S),  0 ERROR(S)
