Unable to capture context for thread 124 in process 9964, can not generate back trace
Unable to capture context for thread 5020 in process 9964, can not generate back trace
Unable to capture context for thread 12900 in process 9964, can not generate back trace
Exception at PC 0x00007FFAB32FBB93
Unable to capture context for thread 12900 in process 9964, can not generate back trace
Printing stacktrace...

Exception at PC 0x00007FFB1E473B29
Exception at PC 0x00007FFB1E473B29
Exception at PC 0x00007FFB1E473B29
Exception at PC 0x00007FFB1E473B29
Exception at PC 0x00007FFB1E473B29
Exception at PC 0x00007FFB1E473B29
Exception at PC 0x00007FFB1E473B29
Exception at PC 0x00007FFB1E473B29
Exception at PC 0x00007FFB1E473B29
Exception at PC 0x00007FFB1E473B29
Exception at PC 0x00007FFB1E473B29
Exception at PC 0x00007FFB1E473B29
Exception at PC 0x00007FFB1E473B29
Exception at PC 0x00007FFB1E473B29
[0]  [0x00007FFAB32FBB93]
[1]  [0x00007FFAB32FBB93]
[2]  [0x00007FFAB32FB4A1]
[3]  [0x00007FFAB32FB3EF]
[4]  [0x00007FFAB32E19FE]
[5]  [0x00007FFAB32E0ED1]
[6]  [0x00007FFAB32E0D76]
[7]  [0x00007FFAB32879F6]
[8]  [0x00007FFAB3277AFB]
[9]  [0x00007FFAB339E90A]
[10]  [0x00007FFAB33B9F87]
[11]  [0x00007FFAB33BA05F]
[12] (BaseThreadInitThunk+0x14) [0x00007FFB1F2E7C24]
[13] (RtlUserThreadStart+0x21) [0x00007FFB211ACEA1]
Done
Exception at PC 0x00007FFB1E473B29
Exception at PC 0x00007FFB1E473B29
Exception at PC 0x00007FFB1E473B29
