#-----------------------------------------------------------
# Vivado v2016.2 (64-bit)
# SW Build 1577090 on Thu Jun  2 16:32:40 MDT 2016
# IP Build 1577682 on Fri Jun  3 12:00:54 MDT 2016
# Start of session at: Mon Nov 16 03:40:38 2020
# Process ID: 5572
# Current directory: C:/Users/imcol/Documents/School/Fall 2020/CECS 361/Final Project/workingclock/WorkingClock
# Command line: vivado.exe -gui_launcher_event rodinguilauncherevent14140 C:\Users\imcol\Documents\School\Fall 2020\CECS 361\Final Project\workingclock\WorkingClock\WorkingClock.xpr
# Log file: C:/Users/imcol/Documents/School/Fall 2020/CECS 361/Final Project/workingclock/WorkingClock/vivado.log
# Journal file: C:/Users/imcol/Documents/School/Fall 2020/CECS 361/Final Project/workingclock/WorkingClock\vivado.jou
#-----------------------------------------------------------
start_gui
open_project {C:/Users/imcol/Documents/School/Fall 2020/CECS 361/Final Project/workingclock/WorkingClock/WorkingClock.xpr}
INFO: [ProjectBase 1-489] The host OS only allows 260 characters in a normal path. The project is stored in a path with more than 80 characters. If you experience issues with IP, Block Designs, or files not being found, please consider moving the project to a location with a shorter path. Alternately consider using the OS subst command to map part of the path to a drive letter.
Current project path is 'C:/Users/imcol/Documents/School/Fall 2020/CECS 361/Final Project/workingclock/WorkingClock'
Scanning sources...
Finished scanning sources
INFO: [IP_Flow 19-234] Refreshing IP repositories
INFO: [IP_Flow 19-1704] No user IP repositories specified
INFO: [IP_Flow 19-2313] Loaded Vivado IP repository 'C:/Xilinx/Vivado/2016.2/data/ip'.
open_project: Time (s): cpu = 00:00:21 ; elapsed = 00:00:10 . Memory (MB): peak = 811.027 ; gain = 136.219
update_compile_order -fileset sources_1
close [ open {C:/Users/imcol/Documents/School/Fall 2020/CECS 361/Final Project/workingclock/WorkingClock/WorkingClock.srcs/sources_1/new/Timer.v} w ]
add_files {{C:/Users/imcol/Documents/School/Fall 2020/CECS 361/Final Project/workingclock/WorkingClock/WorkingClock.srcs/sources_1/new/Timer.v}}
update_compile_order -fileset sources_1
close [ open {C:/Users/imcol/Documents/School/Fall 2020/CECS 361/Final Project/workingclock/WorkingClock/WorkingClock.srcs/sources_1/new/Stopwatch.v} w ]
add_files {{C:/Users/imcol/Documents/School/Fall 2020/CECS 361/Final Project/workingclock/WorkingClock/WorkingClock.srcs/sources_1/new/Stopwatch.v}}
update_compile_order -fileset sources_1
close [ open {C:/Users/imcol/Documents/School/Fall 2020/CECS 361/Final Project/workingclock/WorkingClock/WorkingClock.srcs/sources_1/new/Alarm.v} w ]
add_files {{C:/Users/imcol/Documents/School/Fall 2020/CECS 361/Final Project/workingclock/WorkingClock/WorkingClock.srcs/sources_1/new/Alarm.v}}
update_compile_order -fileset sources_1
close [ open {C:/Users/imcol/Documents/School/Fall 2020/CECS 361/Final Project/workingclock/WorkingClock/WorkingClock.srcs/sources_1/new/Clock.v} w ]
add_files {{C:/Users/imcol/Documents/School/Fall 2020/CECS 361/Final Project/workingclock/WorkingClock/WorkingClock.srcs/sources_1/new/Clock.v}}
update_compile_order -fileset sources_1
reset_run synth_1
launch_runs impl_1 -to_step write_bitstream
[Mon Nov 16 04:57:28 2020] Launched synth_1...
Run output will be captured here: C:/Users/imcol/Documents/School/Fall 2020/CECS 361/Final Project/workingclock/WorkingClock/WorkingClock.runs/synth_1/runme.log
[Mon Nov 16 04:57:28 2020] Launched impl_1...
Run output will be captured here: C:/Users/imcol/Documents/School/Fall 2020/CECS 361/Final Project/workingclock/WorkingClock/WorkingClock.runs/impl_1/runme.log
exit
INFO: [Common 17-206] Exiting Vivado at Mon Nov 16 05:26:05 2020...
