Unable to capture context for thread 9400 in process 9928, can not generate back trace
Unable to capture context for thread 8224 in process 9928, can not generate back trace
Unable to capture context for thread 2952 in process 9928, can not generate back trace
Exception at PC 0x00007FFF37653B29
Exception at PC 0x00007FFF37653B29
Unable to capture context for thread 2104 in process 9928, can not generate back trace
Unable to capture context for thread 9004 in process 9928, can not generate back trace
Exception at PC 0x00007FFF37653B29
Unable to capture context for thread 2104 in process 9928, can not generate back trace
Unable to capture context for thread 9004 in process 9928, can not generate back trace
Exception at PC 0x00007FFED280BB93
Printing stacktrace...

Exception at PC 0x00007FFF37653B29
Exception at PC 0x00007FFF37653B29
Exception at PC 0x00007FFF37653B29
Exception at PC 0x00007FFF37653B29
Exception at PC 0x00007FFF37653B29
Exception at PC 0x00007FFF37653B29
Exception at PC 0x00007FFF37653B29
Exception at PC 0x00007FFF37653B29
Exception at PC 0x00007FFF37653B29
Exception at PC 0x00007FFF37653B29
Exception at PC 0x00007FFF37653B29
[0]  [0x00007FFED280BB93]
[1]  [0x00007FFED280BB93]
[2]  [0x00007FFED280B4A1]
[3]  [0x00007FFED280B3EF]
[4]  [0x00007FFED27F19FE]
[5]  [0x00007FFED27F0ED1]
[6]  [0x00007FFED27F0D76]
[7]  [0x00007FFED27979F6]
[8]  [0x00007FFED2787AFB]
[9]  [0x00007FFED28AE90A]
[10]  [0x00007FFED28C9F87]
[11]  [0x00007FFED28CA05F]
[12] (BaseThreadInitThunk+0x14) [0x00007FFF39C87BD4]
[13] (RtlUserThreadStart+0x21) [0x00007FFF3A0ACE51]
Done
Exception at PC 0x00007FFF37653B29
Exception at PC 0x00007FFF37653B29
Exception at PC 0x00007FFF37653B29
