Unable to capture context for thread 2684 in process 1620, can not generate back trace
Unable to capture context for thread 11140 in process 1620, can not generate back trace
Unable to capture context for thread 2908 in process 1620, can not generate back trace
Exception at PC 0x00007FFAFD3ABB93
Printing stacktrace...

Unable to capture context for thread 2908 in process 1620, can not generate back trace
Exception at PC 0x00007FFB64DE3B29
Exception at PC 0x00007FFB64DE3B29
Exception at PC 0x00007FFB64DE3B29
Exception at PC 0x00007FFB64DE3B29
Exception at PC 0x00007FFB64DE3B29
Exception at PC 0x00007FFB64DE3B29
Exception at PC 0x00007FFB64DE3B29
Exception at PC 0x00007FFB64DE3B29
Exception at PC 0x00007FFB64DE3B29
Exception at PC 0x00007FFB64DE3B29
Exception at PC 0x00007FFB64DE3B29
Exception at PC 0x00007FFB64DE3B29
Exception at PC 0x00007FFB64DE3B29
Exception at PC 0x00007FFB64DE3B29
[0]  [0x00007FFAFD3ABB93]
[1]  [0x00007FFAFD3ABB93]
[2]  [0x00007FFAFD3AB4A1]
[3]  [0x00007FFAFD3AB3EF]
[4]  [0x00007FFAFD3919FE]
[5]  [0x00007FFAFD390ED1]
[6]  [0x00007FFAFD390D76]
[7]  [0x00007FFAFD3379F6]
[8]  [0x00007FFAFD327AFB]
[9]  [0x00007FFAFD44E90A]
[10]  [0x00007FFAFD469F87]
[11]  [0x00007FFAFD46A05F]
[12] (BaseThreadInitThunk+0x14) [0x00007FFB66ED7C24]
[13] (RtlUserThreadStart+0x21) [0x00007FFB6702CEA1]
Done
Exception at PC 0x00007FFB64DE3B29
Exception at PC 0x00007FFB64DE3B29
Exception at PC 0x00007FFB64DE3B29
