Unable to capture context for thread 11728 in process 10312, can not generate back trace
Unable to capture context for thread 8720 in process 10312, can not generate back trace
Unable to capture context for thread 12556 in process 10312, can not generate back trace
Unable to capture context for thread 14948 in process 10312, can not generate back trace
Unable to capture context for thread 4248 in process 10312, can not generate back trace
Unable to capture context for thread 15212 in process 10312, can not generate back trace
Exception at PC 0x00007FF81AA5BB93
Printing stacktrace...

Unable to capture context for thread 8720 in process 10312, can not generate back trace
Unable to capture context for thread 12556 in process 10312, can not generate back trace
Unable to capture context for thread 14752 in process 10312, can not generate back trace
Exception at PC 0x00007FF886EFA388
Exception at PC 0x00007FF886EFA388
Exception at PC 0x00007FF886EFA388
Exception at PC 0x00007FF886EFA388
Exception at PC 0x00007FF886EFA388
Exception at PC 0x00007FF886EFA388
Exception at PC 0x00007FF886EFA388
Exception at PC 0x00007FF886EFA388
Exception at PC 0x00007FF886EFA388
Exception at PC 0x00007FF886EFA388
Exception at PC 0x00007FF886EFA388
[0]  [0x00007FF81AA5BB93]
[1]  [0x00007FF81AA5BB93]
[2]  [0x00007FF81AA5B4A1]
[3]  [0x00007FF81AA5B459]
[4]  [0x00007FF81AA419FE]
[5]  [0x00007FF81AA40ED1]
[6]  [0x00007FF81AA40D76]
[7]  [0x00007FF81A9E79F6]
[8]  [0x00007FF81A9D7AFB]
[9]  [0x00007FF81AAFE90A]
[10]  [0x00007FF81AB19F87]
[11]  [0x00007FF81AB1A05F]
[12] (BaseThreadInitThunk+0x14) [0x00007FF8899B4034]
[13] (RtlUserThreadStart+0x21) [0x00007FF88A703691]
Done
Exception at PC 0x00007FF886EFA388
Exception at PC 0x00007FF886EFA388
Exception at PC 0x00007FF886EFA388
Exception at PC 0x00007FF886EFA388
Exception at PC 0x00007FF886EFA388
Exception at PC 0x00007FF886EFA388
Exception at PC 0x00007FF886EFA388
Exception at PC 0x00007FF886EFA388
Exception at PC 0x00007FF886EFA388
