Unable to capture context for thread 1124 in process 8668, can not generate back trace
Unable to capture context for thread 1124 in process 8668, can not generate back trace
Exception at PC 0x00007FFFEC34BB93
Printing stacktrace...

Exception at PC 0x00007FF867864F99
Exception at PC 0x00007FF867864F99
Exception at PC 0x00007FF867864F99
Exception at PC 0x00007FF867864F99
Exception at PC 0x00007FF867864F99
Exception at PC 0x00007FF867864F99
Exception at PC 0x00007FF867864F99
Exception at PC 0x00007FF867864F99
Exception at PC 0x00007FF867864F99
Exception at PC 0x00007FF867864F99
Exception at PC 0x00007FF867864F99
Exception at PC 0x00007FF867864F99
Exception at PC 0x00007FF867864F99
Exception at PC 0x00007FF867864F99
Exception at PC 0x00007FF867864F99
[0]  [0x00007FFFEC34BB93]
[1]  [0x00007FFFEC34BB93]
[2]  [0x00007FFFEC34B4A1]
[3]  [0x00007FFFEC34B3EF]
[4]  [0x00007FFFEC3319FE]
[5]  [0x00007FFFEC330ED1]
[6]  [0x00007FFFEC330D76]
[7]  [0x00007FFFEC2D79F6]
[8]  [0x00007FFFEC2C7AFB]
[9]  [0x00007FFFEC3EE90A]
[10]  [0x00007FFFEC409F87]
[11]  [0x00007FFFEC40A05F]
[12] (BaseThreadInitThunk+0x14) [0x00007FF8688A7034]
[13] (RtlUserThreadStart+0x21) [0x00007FF869F02651]
Done
Exception at PC 0x00007FF867864F99
Exception at PC 0x00007FF867864F99
