C51 COMPILER V9.60.0.0   MAIN                                                              04/25/2020 18:17:45 PAGE 1   


C51 COMPILER V9.60.0.0, COMPILATION OF MODULE MAIN
OBJECT MODULE PLACED IN .\Objects\main.obj
COMPILER INVOKED BY: C:\Program Files (x86)\Keil uVision 5\C51\BIN\C51.EXE main.c OPTIMIZE(8,SPEED) BROWSE DEBUG OBJECTE
                    -XTEND PRINT(.\Listings\main.lst) TABS(2) OBJECT(.\Objects\main.obj)

line level    source

   1          #include <reg51.h>
   2          
   3          void delay(void);
   4          void delay1sec(void);
   5          sbit output = P3^0;
   6          
   7          int main(void)
   8          {
   9   1        P1 = 0x00;
  10   1        while(1)
  11   1        {
  12   2          output = 1;
  13   2          P1 = 0xff;
  14   2          delay();
  15   2          
  16   2          output = 0;
  17   2          P1 = 0x00;
  18   2          delay();
  19   2        }
  20   1      }
  21          
  22          void delay(void)
  23          {
  24   1        TR0 = 0;
  25   1        TMOD = 0x01;
  26   1        TH0 = 0xf3; TL0 = 0x9b; // 63263
  27   1        TR0 = 1;
  28   1        while(!TF0); TF0 = 0;
  29   1      }
  30          
  31          void delay1sec(void)
  32          {
  33   1        unsigned int i;
  34   1        TMOD = 0x01;
  35   1        TH0 = 0x3b; TL0 = 0xe8;
  36   1        TR0 = 1;
  37   1        for(i = 0; i < 20; i++)
  38   1        {
  39   2          while(!TF0);
  40   2          TF0 = 0;
  41   2          TH0 = 0x3b; TL0 = 0xe8; // 63263
  42   2          TR0 = 1;
  43   2        }
  44   1      }


MODULE INFORMATION:   STATIC OVERLAYABLE
   CODE SIZE        =     79    ----
   CONSTANT SIZE    =   ----    ----
   XDATA SIZE       =   ----    ----
   PDATA SIZE       =   ----    ----
   DATA SIZE        =   ----    ----
   IDATA SIZE       =   ----    ----
   BIT SIZE         =   ----    ----
C51 COMPILER V9.60.0.0   MAIN                                                              04/25/2020 18:17:45 PAGE 2   

END OF MODULE INFORMATION.


C51 COMPILATION COMPLETE.  0 WARNING(S),  0 ERROR(S)
