Unable to capture context for thread 9344 in process 2240, can not generate back trace
Unable to capture context for thread 1600 in process 2240, can not generate back trace
Unable to capture context for thread 9584 in process 2240, can not generate back trace
Exception at PC 0x00007FF808144F69
Unable to capture context for thread 9344 in process 2240, can not generate back trace
Unable to capture context for thread 9584 in process 2240, can not generate back trace
Exception at PC 0x00007FFF9AB4BB93
Printing stacktrace...

Exception at PC 0x00007FF808144F69
Exception at PC 0x00007FF808144F69
Exception at PC 0x00007FF808144F69
Exception at PC 0x00007FF808144F69
Exception at PC 0x00007FF808144F69
Exception at PC 0x00007FF808144F69
Exception at PC 0x00007FF808144F69
Exception at PC 0x00007FF808144F69
Exception at PC 0x00007FF808144F69
Exception at PC 0x00007FF808144F69
Exception at PC 0x00007FF808144F69
Exception at PC 0x00007FF808144F69
Exception at PC 0x00007FF808144F69
Exception at PC 0x00007FF808144F69
Exception at PC 0x00007FF808144F69
Exception at PC 0x00007FF808144F69
[0]  [0x00007FFF9AB4BB93]
[1]  [0x00007FFF9AB4BB93]
[2]  [0x00007FFF9AB4B4A1]
[3]  [0x00007FFF9AB4B3EF]
[4]  [0x00007FFF9AB319FE]
[5]  [0x00007FFF9AB30ED1]
[6]  [0x00007FFF9AB30D76]
[7]  [0x00007FFF9AAD79F6]
[8]  [0x00007FFF9AAC7AFB]
[9]  [0x00007FFF9ABEE90A]
[10]  [0x00007FFF9AC09F87]
[11]  [0x00007FFF9AC0A05F]
[12] (BaseThreadInitThunk+0x14) [0x00007FF809627034]
[13] (RtlUserThreadStart+0x21) [0x00007FF80A822651]
Done
