C51 COMPILER V9.60.0.0   MAIN                                                              03/06/2020 12:01:40 PAGE 1   


C51 COMPILER V9.60.0.0, COMPILATION OF MODULE MAIN
OBJECT MODULE PLACED IN .\Objects\main.obj
COMPILER INVOKED BY: C:\Program Files (x86)\Keil uVision 5\C51\BIN\C51.EXE main.c OPTIMIZE(8,SPEED) BROWSE DEBUG OBJECTE
                    -XTEND PRINT(.\Listings\main.lst) TABS(2) OBJECT(.\Objects\main.obj)

line level    source

   1          #include <reg51.h>
   2          
   3          void delay(void)
   4          {
   5   1        unsigned int i;
   6   1        
   7   1        TMOD = 0x01;
   8   1        for(i = 0; i < 20; i++)
   9   1        {
  10   2          TR0 = 1;
  11   2          TH0 = 0x3c; TL0 = 0xaf;
  12   2          while(TF0 == 0);
  13   2          TF0 = 0;
  14   2        }
  15   1      }
  16          
  17          //void delay1(void)
  18          //{
  19          //  unsigned int i;
  20          //  for(i = 0; i < 8192; i++);
  21          //}
  22          
  23          int main(void)
  24          {
  25   1        P1 = 0xff;
  26   1        delay();
  27   1        P1 = 0x00;
  28   1        delay();
  29   1        return 0;
  30   1      }


MODULE INFORMATION:   STATIC OVERLAYABLE
   CODE SIZE        =     47    ----
   CONSTANT SIZE    =   ----    ----
   XDATA SIZE       =   ----    ----
   PDATA SIZE       =   ----    ----
   DATA SIZE        =   ----    ----
   IDATA SIZE       =   ----    ----
   BIT SIZE         =   ----    ----
END OF MODULE INFORMATION.


C51 COMPILATION COMPLETE.  0 WARNING(S),  0 ERROR(S)
