Exception at PC 0x00007FFF1A5FA839
Unable to capture context for thread 8016 in process 464, can not generate back trace
Unable to capture context for thread 4848 in process 464, can not generate back trace
Unable to capture context for thread 1132 in process 464, can not generate back trace
Exception at PC 0x00007FFF1A5FA839
Unable to capture context for thread 1132 in process 464, can not generate back trace
Exception at PC 0x00007FFEE9F2BB93
Printing stacktrace...

Exception at PC 0x00007FFF1A5FA839
Exception at PC 0x00007FFF1A5FA839
Exception at PC 0x00007FFF1A5FA839
Exception at PC 0x00007FFF1A5FA839
Exception at PC 0x00007FFF1A5FA839
Exception at PC 0x00007FFF1A5FA839
Exception at PC 0x00007FFF1A5FA839
Exception at PC 0x00007FFF1A5FA839
Exception at PC 0x00007FFF1A5FA839
Exception at PC 0x00007FFF1A5FA839
Exception at PC 0x00007FFF1A5FA839
Exception at PC 0x00007FFF1A5FA839
Exception at PC 0x00007FFF1A5FA839
[0]  [0x00007FFEE9F2BB93]
[1]  [0x00007FFEE9F2BB93]
[2]  [0x00007FFEE9F2B4A1]
[3]  [0x00007FFEE9F2B3EF]
[4]  [0x00007FFEE9F119FE]
[5]  [0x00007FFEE9F10ED1]
[6]  [0x00007FFEE9F10D76]
[7]  [0x00007FFEE9EB79F6]
[8]  [0x00007FFEE9EA7AFB]
[9]  [0x00007FFEE9FCE90A]
[10]  [0x00007FFEE9FE9F87]
[11]  [0x00007FFEE9FEA05F]
[12] (BaseThreadInitThunk+0x14) [0x00007FFF1BC07BD4]
[13] (RtlUserThreadStart+0x21) [0x00007FFF1D26CED1]
Done
Exception at PC 0x00007FFF1A5FA839
Exception at PC 0x00007FFF1A5FA839
Exception at PC 0x00007FFF1A5FA839
Exception at PC 0x00007FFF1A5FA839
Exception at PC 0x00007FFF1A5FA839
