Vivado Simulator 2016.2
Time resolution is 1 ps
Test:  0 =  0*63 +  0 passed
Test:  0 =  1* 0 +  0 passed
Test:  0 =  2* 0 +  0 passed
Test:  0 =  3* 0 +  0 passed
Test:  0 =  4* 0 +  0 passed
Test:  0 =  5* 0 +  0 passed
Test:  0 =  6* 0 +  0 passed
Test:  0 =  7* 0 +  0 passed
Test:  0 =  8* 0 +  0 passed
Test:  0 =  9* 0 +  0 passed
Test:  0 = 10* 0 +  0 passed
Test:  0 = 11* 0 +  0 passed
Test:  0 = 12* 0 +  0 passed
Test:  0 = 13* 0 +  0 passed
Test:  0 = 14* 0 +  0 passed
Test:  0 = 15* 0 +  0 passed
Test:  1 =  0*63 +  1 passed
Test:  1 =  1* 1 +  0 passed
Test:  1 =  2* 0 +  1 passed
Test:  1 =  3* 0 +  1 passed
Test:  1 =  4* 0 +  1 passed
Test:  1 =  5* 0 +  1 passed
Test:  1 =  6* 0 +  1 passed
Test:  1 =  7* 0 +  1 passed
Test:  1 =  8* 0 +  1 passed
Test:  1 =  9* 0 +  1 passed
Test:  1 = 10* 0 +  1 passed
Test:  1 = 11* 0 +  1 passed
Test:  1 = 12* 0 +  1 passed
Test:  1 = 13* 0 +  1 passed
Test:  1 = 14* 0 +  1 passed
Test:  1 = 15* 0 +  1 passed
Test:  2 =  0*63 +  2 passed
Test:  2 =  1* 2 +  0 passed
Test:  2 =  2* 1 +  0 passed
Test:  2 =  3* 0 +  2 passed
Test:  2 =  4* 0 +  2 passed
Test:  2 =  5* 0 +  2 passed
Test:  2 =  6* 0 +  2 passed
Test:  2 =  7* 0 +  2 passed
Test:  2 =  8* 0 +  2 passed
Test:  2 =  9* 0 +  2 passed
Test:  2 = 10* 0 +  2 passed
Test:  2 = 11* 0 +  2 passed
Test:  2 = 12* 0 +  2 passed
Test:  2 = 13* 0 +  2 passed
Test:  2 = 14* 0 +  2 passed
Test:  2 = 15* 0 +  2 passed
Test:  3 =  0*63 +  3 passed
Test:  3 =  1* 3 +  0 passed
Test:  3 =  2* 1 +  1 passed
Test:  3 =  3* 1 +  0 passed
Test:  3 =  4* 0 +  3 passed
Test:  3 =  5* 0 +  3 passed
Test:  3 =  6* 0 +  3 passed
Test:  3 =  7* 0 +  3 passed
Test:  3 =  8* 0 +  3 passed
Test:  3 =  9* 0 +  3 passed
Test:  3 = 10* 0 +  3 passed
Test:  3 = 11* 0 +  3 passed
Test:  3 = 12* 0 +  3 passed
Test:  3 = 13* 0 +  3 passed
Test:  3 = 14* 0 +  3 passed
Test:  3 = 15* 0 +  3 passed
Test:  4 =  0*63 +  4 passed
Test:  4 =  1* 4 +  0 passed
Test:  4 =  2* 2 +  0 passed
Test:  4 =  3* 1 +  1 passed
Test:  4 =  4* 1 +  0 passed
Test:  4 =  5* 0 +  4 passed
Test:  4 =  6* 0 +  4 passed
Test:  4 =  7* 0 +  4 passed
Test:  4 =  8* 0 +  4 passed
Test:  4 =  9* 0 +  4 passed
Test:  4 = 10* 0 +  4 passed
Test:  4 = 11* 0 +  4 passed
Test:  4 = 12* 0 +  4 passed
Test:  4 = 13* 0 +  4 passed
Test:  4 = 14* 0 +  4 passed
Test:  4 = 15* 0 +  4 passed
Test:  5 =  0*63 +  5 passed
Test:  5 =  1* 5 +  0 passed
Test:  5 =  2* 2 +  1 passed
Test:  5 =  3* 1 +  2 passed
Test:  5 =  4* 1 +  1 passed
Test:  5 =  5* 1 +  0 passed
Test:  5 =  6* 0 +  5 passed
Test:  5 =  7* 0 +  5 passed
Test:  5 =  8* 0 +  5 passed
Test:  5 =  9* 0 +  5 passed
Test:  5 = 10* 0 +  5 passed
Test:  5 = 11* 0 +  5 passed
Test:  5 = 12* 0 +  5 passed
Test:  5 = 13* 0 +  5 passed
Test:  5 = 14* 0 +  5 passed
Test:  5 = 15* 0 +  5 passed
Test:  6 =  0*63 +  6 passed
Test:  6 =  1* 6 +  0 passed
Test:  6 =  2* 3 +  0 passed
Test:  6 =  3* 2 +  0 passed
Test:  6 =  4* 1 +  2 passed
Test:  6 =  5* 1 +  1 passed
Test:  6 =  6* 1 +  0 passed
Test:  6 =  7* 0 +  6 passed
Test:  6 =  8* 0 +  6 passed
Test:  6 =  9* 0 +  6 passed
Test:  6 = 10* 0 +  6 passed
Test:  6 = 11* 0 +  6 passed
Test:  6 = 12* 0 +  6 passed
Test:  6 = 13* 0 +  6 passed
Test:  6 = 14* 0 +  6 passed
Test:  6 = 15* 0 +  6 passed
Test:  7 =  0*63 +  7 passed
Test:  7 =  1* 7 +  0 passed
Test:  7 =  2* 3 +  1 passed
Test:  7 =  3* 2 +  1 passed
Test:  7 =  4* 1 +  3 passed
Test:  7 =  5* 1 +  2 passed
Test:  7 =  6* 1 +  1 passed
Test:  7 =  7* 1 +  0 passed
Test:  7 =  8* 0 +  7 passed
Test:  7 =  9* 0 +  7 passed
Test:  7 = 10* 0 +  7 passed
Test:  7 = 11* 0 +  7 passed
Test:  7 = 12* 0 +  7 passed
Test:  7 = 13* 0 +  7 passed
Test:  7 = 14* 0 +  7 passed
Test:  7 = 15* 0 +  7 passed
Test:  8 =  0*63 +  8 passed
Test:  8 =  1* 8 +  0 passed
Test:  8 =  2* 4 +  0 passed
Test:  8 =  3* 2 +  2 passed
Test:  8 =  4* 2 +  0 passed
Test:  8 =  5* 1 +  3 passed
Test:  8 =  6* 1 +  2 passed
Test:  8 =  7* 1 +  1 passed
Test:  8 =  8* 1 +  0 passed
Test:  8 =  9* 0 +  8 passed
Test:  8 = 10* 0 +  8 passed
Test:  8 = 11* 0 +  8 passed
Test:  8 = 12* 0 +  8 passed
Test:  8 = 13* 0 +  8 passed
Test:  8 = 14* 0 +  8 passed
Test:  8 = 15* 0 +  8 passed
Test:  9 =  0*63 +  9 passed
Test:  9 =  1* 9 +  0 passed
Test:  9 =  2* 4 +  1 passed
Test:  9 =  3* 3 +  0 passed
Test:  9 =  4* 2 +  1 passed
Test:  9 =  5* 1 +  4 passed
Test:  9 =  6* 1 +  3 passed
Test:  9 =  7* 1 +  2 passed
Test:  9 =  8* 1 +  1 passed
Test:  9 =  9* 1 +  0 passed
Test:  9 = 10* 0 +  9 passed
Test:  9 = 11* 0 +  9 passed
Test:  9 = 12* 0 +  9 passed
Test:  9 = 13* 0 +  9 passed
Test:  9 = 14* 0 +  9 passed
Test:  9 = 15* 0 +  9 passed
Test: 10 =  0*63 + 10 passed
Test: 10 =  1*10 +  0 passed
Test: 10 =  2* 5 +  0 passed
Test: 10 =  3* 3 +  1 passed
Test: 10 =  4* 2 +  2 passed
Test: 10 =  5* 2 +  0 passed
Test: 10 =  6* 1 +  4 passed
Test: 10 =  7* 1 +  3 passed
Test: 10 =  8* 1 +  2 passed
Test: 10 =  9* 1 +  1 passed
Test: 10 = 10* 1 +  0 passed
Test: 10 = 11* 0 + 10 passed
Test: 10 = 12* 0 + 10 passed
Test: 10 = 13* 0 + 10 passed
Test: 10 = 14* 0 + 10 passed
Test: 10 = 15* 0 + 10 passed
Test: 11 =  0*63 + 11 passed
Test: 11 =  1*11 +  0 passed
Test: 11 =  2* 5 +  1 passed
Test: 11 =  3* 3 +  2 passed
Test: 11 =  4* 2 +  3 passed
Test: 11 =  5* 2 +  1 passed
Test: 11 =  6* 1 +  5 passed
Test: 11 =  7* 1 +  4 passed
Test: 11 =  8* 1 +  3 passed
Test: 11 =  9* 1 +  2 passed
Test: 11 = 10* 1 +  1 passed
Test: 11 = 11* 1 +  0 passed
Test: 11 = 12* 0 + 11 passed
Test: 11 = 13* 0 + 11 passed
Test: 11 = 14* 0 + 11 passed
Test: 11 = 15* 0 + 11 passed
Test: 12 =  0*63 + 12 passed
Test: 12 =  1*12 +  0 passed
Test: 12 =  2* 6 +  0 passed
Test: 12 =  3* 4 +  0 passed
Test: 12 =  4* 3 +  0 passed
Test: 12 =  5* 2 +  2 passed
Test: 12 =  6* 2 +  0 passed
Test: 12 =  7* 1 +  5 passed
Test: 12 =  8* 1 +  4 passed
Test: 12 =  9* 1 +  3 passed
Test: 12 = 10* 1 +  2 passed
Test: 12 = 11* 1 +  1 passed
Test: 12 = 12* 1 +  0 passed
Test: 12 = 13* 0 + 12 passed
Test: 12 = 14* 0 + 12 passed
Test: 12 = 15* 0 + 12 passed
Test: 13 =  0*63 + 13 passed
Test: 13 =  1*13 +  0 passed
Test: 13 =  2* 6 +  1 passed
Test: 13 =  3* 4 +  1 passed
Test: 13 =  4* 3 +  1 passed
Test: 13 =  5* 2 +  3 passed
Test: 13 =  6* 2 +  1 passed
Test: 13 =  7* 1 +  6 passed
Test: 13 =  8* 1 +  5 passed
Test: 13 =  9* 1 +  4 passed
Test: 13 = 10* 1 +  3 passed
Test: 13 = 11* 1 +  2 passed
Test: 13 = 12* 1 +  1 passed
Test: 13 = 13* 1 +  0 passed
Test: 13 = 14* 0 + 13 passed
Test: 13 = 15* 0 + 13 passed
Test: 14 =  0*63 + 14 passed
Test: 14 =  1*14 +  0 passed
Test: 14 =  2* 7 +  0 passed
Test: 14 =  3* 4 +  2 passed
Test: 14 =  4* 3 +  2 passed
Test: 14 =  5* 2 +  4 passed
Test: 14 =  6* 2 +  2 passed
Test: 14 =  7* 2 +  0 passed
Test: 14 =  8* 1 +  6 passed
Test: 14 =  9* 1 +  5 passed
Test: 14 = 10* 1 +  4 passed
Test: 14 = 11* 1 +  3 passed
Test: 14 = 12* 1 +  2 passed
Test: 14 = 13* 1 +  1 passed
Test: 14 = 14* 1 +  0 passed
Test: 14 = 15* 0 + 14 passed
Test: 15 =  0*63 + 15 passed
Test: 15 =  1*15 +  0 passed
Test: 15 =  2* 7 +  1 passed
Test: 15 =  3* 5 +  0 passed
Test: 15 =  4* 3 +  3 passed
Test: 15 =  5* 3 +  0 passed
Test: 15 =  6* 2 +  3 passed
Test: 15 =  7* 2 +  1 passed
Test: 15 =  8* 1 +  7 passed
Test: 15 =  9* 1 +  6 passed
Test: 15 = 10* 1 +  5 passed
Test: 15 = 11* 1 +  4 passed
Test: 15 = 12* 1 +  3 passed
Test: 15 = 13* 1 +  2 passed
Test: 15 = 14* 1 +  1 passed
Test: 15 = 15* 1 +  0 passed
Test: 16 =  0*63 +  0 passed
Test: 16 =  1*16 +  0 passed
Test: 16 =  2* 8 +  0 passed
Test: 16 =  3* 5 +  1 passed
Test: 16 =  4* 4 +  0 passed
Test: 16 =  5* 3 +  1 passed
Test: 16 =  6* 2 +  4 passed
Test: 16 =  7* 2 +  2 passed
Test: 16 =  8* 2 +  0 passed
Test: 16 =  9* 1 +  7 passed
Test: 16 = 10* 1 +  6 passed
Test: 16 = 11* 1 +  5 passed
Test: 16 = 12* 1 +  4 passed
Test: 16 = 13* 1 +  3 passed
Test: 16 = 14* 1 +  2 passed
Test: 16 = 15* 1 +  1 passed
Test: 17 =  0*63 +  1 passed
Test: 17 =  1*17 +  0 passed
Test: 17 =  2* 8 +  1 passed
Test: 17 =  3* 5 +  2 passed
Test: 17 =  4* 4 +  1 passed
Test: 17 =  5* 3 +  2 passed
Test: 17 =  6* 2 +  5 passed
Test: 17 =  7* 2 +  3 passed
Test: 17 =  8* 2 +  1 passed
Test: 17 =  9* 1 +  8 passed
Test: 17 = 10* 1 +  7 passed
Test: 17 = 11* 1 +  6 passed
Test: 17 = 12* 1 +  5 passed
Test: 17 = 13* 1 +  4 passed
Test: 17 = 14* 1 +  3 passed
Test: 17 = 15* 1 +  2 passed
Test: 18 =  0*63 +  2 passed
Test: 18 =  1*18 +  0 passed
Test: 18 =  2* 9 +  0 passed
Test: 18 =  3* 6 +  0 passed
Test: 18 =  4* 4 +  2 passed
Test: 18 =  5* 3 +  3 passed
Test: 18 =  6* 3 +  0 passed
Test: 18 =  7* 2 +  4 passed
Test: 18 =  8* 2 +  2 passed
Test: 18 =  9* 2 +  0 passed
Test: 18 = 10* 1 +  8 passed
Test: 18 = 11* 1 +  7 passed
Test: 18 = 12* 1 +  6 passed
Test: 18 = 13* 1 +  5 passed
Test: 18 = 14* 1 +  4 passed
Test: 18 = 15* 1 +  3 passed
Test: 19 =  0*63 +  3 passed
Test: 19 =  1*19 +  0 passed
Test: 19 =  2* 9 +  1 passed
Test: 19 =  3* 6 +  1 passed
Test: 19 =  4* 4 +  3 passed
Test: 19 =  5* 3 +  4 passed
Test: 19 =  6* 3 +  1 passed
Test: 19 =  7* 2 +  5 passed
Test: 19 =  8* 2 +  3 passed
Test: 19 =  9* 2 +  1 passed
Test: 19 = 10* 1 +  9 passed
Test: 19 = 11* 1 +  8 passed
Test: 19 = 12* 1 +  7 passed
Test: 19 = 13* 1 +  6 passed
Test: 19 = 14* 1 +  5 passed
Test: 19 = 15* 1 +  4 passed
Test: 20 =  0*63 +  4 passed
Test: 20 =  1*20 +  0 passed
Test: 20 =  2*10 +  0 passed
Test: 20 =  3* 6 +  2 passed
Test: 20 =  4* 5 +  0 passed
Test: 20 =  5* 4 +  0 passed
Test: 20 =  6* 3 +  2 passed
Test: 20 =  7* 2 +  6 passed
Test: 20 =  8* 2 +  4 passed
Test: 20 =  9* 2 +  2 passed
Test: 20 = 10* 2 +  0 passed
Test: 20 = 11* 1 +  9 passed
Test: 20 = 12* 1 +  8 passed
Test: 20 = 13* 1 +  7 passed
Test: 20 = 14* 1 +  6 passed
Test: 20 = 15* 1 +  5 passed
Test: 21 =  0*63 +  5 passed
Test: 21 =  1*21 +  0 passed
Test: 21 =  2*10 +  1 passed
Test: 21 =  3* 7 +  0 passed
Test: 21 =  4* 5 +  1 passed
Test: 21 =  5* 4 +  1 passed
Test: 21 =  6* 3 +  3 passed
Test: 21 =  7* 3 +  0 passed
Test: 21 =  8* 2 +  5 passed
Test: 21 =  9* 2 +  3 passed
Test: 21 = 10* 2 +  1 passed
Test: 21 = 11* 1 + 10 passed
Test: 21 = 12* 1 +  9 passed
Test: 21 = 13* 1 +  8 passed
Test: 21 = 14* 1 +  7 passed
Test: 21 = 15* 1 +  6 passed
Test: 22 =  0*63 +  6 passed
Test: 22 =  1*22 +  0 passed
Test: 22 =  2*11 +  0 passed
Test: 22 =  3* 7 +  1 passed
Test: 22 =  4* 5 +  2 passed
Test: 22 =  5* 4 +  2 passed
Test: 22 =  6* 3 +  4 passed
Test: 22 =  7* 3 +  1 passed
Test: 22 =  8* 2 +  6 passed
Test: 22 =  9* 2 +  4 passed
Test: 22 = 10* 2 +  2 passed
Test: 22 = 11* 2 +  0 passed
Test: 22 = 12* 1 + 10 passed
Test: 22 = 13* 1 +  9 passed
Test: 22 = 14* 1 +  8 passed
Test: 22 = 15* 1 +  7 passed
Test: 23 =  0*63 +  7 passed
Test: 23 =  1*23 +  0 passed
Test: 23 =  2*11 +  1 passed
Test: 23 =  3* 7 +  2 passed
Test: 23 =  4* 5 +  3 passed
Test: 23 =  5* 4 +  3 passed
Test: 23 =  6* 3 +  5 passed
Test: 23 =  7* 3 +  2 passed
Test: 23 =  8* 2 +  7 passed
Test: 23 =  9* 2 +  5 passed
Test: 23 = 10* 2 +  3 passed
Test: 23 = 11* 2 +  1 passed
Test: 23 = 12* 1 + 11 passed
Test: 23 = 13* 1 + 10 passed
Test: 23 = 14* 1 +  9 passed
Test: 23 = 15* 1 +  8 passed
Test: 24 =  0*63 +  8 passed
Test: 24 =  1*24 +  0 passed
Test: 24 =  2*12 +  0 passed
Test: 24 =  3* 8 +  0 passed
Test: 24 =  4* 6 +  0 passed
Test: 24 =  5* 4 +  4 passed
Test: 24 =  6* 4 +  0 passed
Test: 24 =  7* 3 +  3 passed
Test: 24 =  8* 3 +  0 passed
Test: 24 =  9* 2 +  6 passed
Test: 24 = 10* 2 +  4 passed
Test: 24 = 11* 2 +  2 passed
Test: 24 = 12* 2 +  0 passed
Test: 24 = 13* 1 + 11 passed
Test: 24 = 14* 1 + 10 passed
Test: 24 = 15* 1 +  9 passed
Test: 25 =  0*63 +  9 passed
Test: 25 =  1*25 +  0 passed
Test: 25 =  2*12 +  1 passed
Test: 25 =  3* 8 +  1 passed
Test: 25 =  4* 6 +  1 passed
Test: 25 =  5* 5 +  0 passed
Test: 25 =  6* 4 +  1 passed
Test: 25 =  7* 3 +  4 passed
Test: 25 =  8* 3 +  1 passed
Test: 25 =  9* 2 +  7 passed
Test: 25 = 10* 2 +  5 passed
Test: 25 = 11* 2 +  3 passed
Test: 25 = 12* 2 +  1 passed
Test: 25 = 13* 1 + 12 passed
Test: 25 = 14* 1 + 11 passed
Test: 25 = 15* 1 + 10 passed
Test: 26 =  0*63 + 10 passed
Test: 26 =  1*26 +  0 passed
Test: 26 =  2*13 +  0 passed
Test: 26 =  3* 8 +  2 passed
Test: 26 =  4* 6 +  2 passed
Test: 26 =  5* 5 +  1 passed
Test: 26 =  6* 4 +  2 passed
Test: 26 =  7* 3 +  5 passed
Test: 26 =  8* 3 +  2 passed
Test: 26 =  9* 2 +  8 passed
Test: 26 = 10* 2 +  6 passed
Test: 26 = 11* 2 +  4 passed
Test: 26 = 12* 2 +  2 passed
Test: 26 = 13* 2 +  0 passed
Test: 26 = 14* 1 + 12 passed
Test: 26 = 15* 1 + 11 passed
Test: 27 =  0*63 + 11 passed
Test: 27 =  1*27 +  0 passed
Test: 27 =  2*13 +  1 passed
Test: 27 =  3* 9 +  0 passed
Test: 27 =  4* 6 +  3 passed
Test: 27 =  5* 5 +  2 passed
Test: 27 =  6* 4 +  3 passed
Test: 27 =  7* 3 +  6 passed
Test: 27 =  8* 3 +  3 passed
Test: 27 =  9* 3 +  0 passed
Test: 27 = 10* 2 +  7 passed
Test: 27 = 11* 2 +  5 passed
Test: 27 = 12* 2 +  3 passed
Test: 27 = 13* 2 +  1 passed
Test: 27 = 14* 1 + 13 passed
Test: 27 = 15* 1 + 12 passed
Test: 28 =  0*63 + 12 passed
Test: 28 =  1*28 +  0 passed
Test: 28 =  2*14 +  0 passed
Test: 28 =  3* 9 +  1 passed
Test: 28 =  4* 7 +  0 passed
Test: 28 =  5* 5 +  3 passed
Test: 28 =  6* 4 +  4 passed
Test: 28 =  7* 4 +  0 passed
Test: 28 =  8* 3 +  4 passed
Test: 28 =  9* 3 +  1 passed
Test: 28 = 10* 2 +  8 passed
Test: 28 = 11* 2 +  6 passed
Test: 28 = 12* 2 +  4 passed
Test: 28 = 13* 2 +  2 passed
Test: 28 = 14* 2 +  0 passed
Test: 28 = 15* 1 + 13 passed
Test: 29 =  0*63 + 13 passed
Test: 29 =  1*29 +  0 passed
Test: 29 =  2*14 +  1 passed
Test: 29 =  3* 9 +  2 passed
Test: 29 =  4* 7 +  1 passed
Test: 29 =  5* 5 +  4 passed
Test: 29 =  6* 4 +  5 passed
Test: 29 =  7* 4 +  1 passed
Test: 29 =  8* 3 +  5 passed
Test: 29 =  9* 3 +  2 passed
Test: 29 = 10* 2 +  9 passed
Test: 29 = 11* 2 +  7 passed
Test: 29 = 12* 2 +  5 passed
Test: 29 = 13* 2 +  3 passed
Test: 29 = 14* 2 +  1 passed
Test: 29 = 15* 1 + 14 passed
Test: 30 =  0*63 + 14 passed
Test: 30 =  1*30 +  0 passed
Test: 30 =  2*15 +  0 passed
Test: 30 =  3*10 +  0 passed
Test: 30 =  4* 7 +  2 passed
Test: 30 =  5* 6 +  0 passed
Test: 30 =  6* 5 +  0 passed
Test: 30 =  7* 4 +  2 passed
Test: 30 =  8* 3 +  6 passed
Test: 30 =  9* 3 +  3 passed
Test: 30 = 10* 3 +  0 passed
Test: 30 = 11* 2 +  8 passed
Test: 30 = 12* 2 +  6 passed
Test: 30 = 13* 2 +  4 passed
Test: 30 = 14* 2 +  2 passed
Test: 30 = 15* 2 +  0 passed
Test: 31 =  0*63 + 15 passed
Test: 31 =  1*31 +  0 passed
Test: 31 =  2*15 +  1 passed
Test: 31 =  3*10 +  1 passed
Test: 31 =  4* 7 +  3 passed
Test: 31 =  5* 6 +  1 passed
Test: 31 =  6* 5 +  1 passed
Test: 31 =  7* 4 +  3 passed
Test: 31 =  8* 3 +  7 passed
Test: 31 =  9* 3 +  4 passed
Test: 31 = 10* 3 +  1 passed
Test: 31 = 11* 2 +  9 passed
Test: 31 = 12* 2 +  7 passed
Test: 31 = 13* 2 +  5 passed
Test: 31 = 14* 2 +  3 passed
Test: 31 = 15* 2 +  1 passed
Test: 32 =  0*63 +  0 passed
Test: 32 =  1*32 +  0 passed
Test: 32 =  2*16 +  0 passed
Test: 32 =  3*10 +  2 passed
Test: 32 =  4* 8 +  0 passed
Test: 32 =  5* 6 +  2 passed
Test: 32 =  6* 5 +  2 passed
Test: 32 =  7* 4 +  4 passed
Test: 32 =  8* 4 +  0 passed
Test: 32 =  9* 3 +  5 passed
Test: 32 = 10* 3 +  2 passed
Test: 32 = 11* 2 + 10 passed
Test: 32 = 12* 2 +  8 passed
Test: 32 = 13* 2 +  6 passed
Test: 32 = 14* 2 +  4 passed
Test: 32 = 15* 2 +  2 passed
Test: 33 =  0*63 +  1 passed
Test: 33 =  1*33 +  0 passed
Test: 33 =  2*16 +  1 passed
Test: 33 =  3*11 +  0 passed
Test: 33 =  4* 8 +  1 passed
Test: 33 =  5* 6 +  3 passed
Test: 33 =  6* 5 +  3 passed
Test: 33 =  7* 4 +  5 passed
Test: 33 =  8* 4 +  1 passed
Test: 33 =  9* 3 +  6 passed
Test: 33 = 10* 3 +  3 passed
Test: 33 = 11* 3 +  0 passed
Test: 33 = 12* 2 +  9 passed
Test: 33 = 13* 2 +  7 passed
Test: 33 = 14* 2 +  5 passed
Test: 33 = 15* 2 +  3 passed
Test: 34 =  0*63 +  2 passed
Test: 34 =  1*34 +  0 passed
Test: 34 =  2*17 +  0 passed
Test: 34 =  3*11 +  1 passed
Test: 34 =  4* 8 +  2 passed
Test: 34 =  5* 6 +  4 passed
Test: 34 =  6* 5 +  4 passed
Test: 34 =  7* 4 +  6 passed
Test: 34 =  8* 4 +  2 passed
Test: 34 =  9* 3 +  7 passed
Test: 34 = 10* 3 +  4 passed
Test: 34 = 11* 3 +  1 passed
Test: 34 = 12* 2 + 10 passed
Test: 34 = 13* 2 +  8 passed
Test: 34 = 14* 2 +  6 passed
Test: 34 = 15* 2 +  4 passed
Test: 35 =  0*63 +  3 passed
Test: 35 =  1*35 +  0 passed
Test: 35 =  2*17 +  1 passed
Test: 35 =  3*11 +  2 passed
Test: 35 =  4* 8 +  3 passed
Test: 35 =  5* 7 +  0 passed
Test: 35 =  6* 5 +  5 passed
Test: 35 =  7* 5 +  0 passed
Test: 35 =  8* 4 +  3 passed
Test: 35 =  9* 3 +  8 passed
Test: 35 = 10* 3 +  5 passed
Test: 35 = 11* 3 +  2 passed
Test: 35 = 12* 2 + 11 passed
Test: 35 = 13* 2 +  9 passed
Test: 35 = 14* 2 +  7 passed
Test: 35 = 15* 2 +  5 passed
Test: 36 =  0*63 +  4 passed
Test: 36 =  1*36 +  0 passed
Test: 36 =  2*18 +  0 passed
Test: 36 =  3*12 +  0 passed
Test: 36 =  4* 9 +  0 passed
Test: 36 =  5* 7 +  1 passed
Test: 36 =  6* 6 +  0 passed
Test: 36 =  7* 5 +  1 passed
Test: 36 =  8* 4 +  4 passed
Test: 36 =  9* 4 +  0 passed
Test: 36 = 10* 3 +  6 passed
Test: 36 = 11* 3 +  3 passed
Test: 36 = 12* 3 +  0 passed
Test: 36 = 13* 2 + 10 passed
Test: 36 = 14* 2 +  8 passed
Test: 36 = 15* 2 +  6 passed
Test: 37 =  0*63 +  5 passed
Test: 37 =  1*37 +  0 passed
Test: 37 =  2*18 +  1 passed
Test: 37 =  3*12 +  1 passed
Test: 37 =  4* 9 +  1 passed
Test: 37 =  5* 7 +  2 passed
Test: 37 =  6* 6 +  1 passed
Test: 37 =  7* 5 +  2 passed
Test: 37 =  8* 4 +  5 passed
Test: 37 =  9* 4 +  1 passed
Test: 37 = 10* 3 +  7 passed
Test: 37 = 11* 3 +  4 passed
Test: 37 = 12* 3 +  1 passed
Test: 37 = 13* 2 + 11 passed
Test: 37 = 14* 2 +  9 passed
Test: 37 = 15* 2 +  7 passed
Test: 38 =  0*63 +  6 passed
Test: 38 =  1*38 +  0 passed
Test: 38 =  2*19 +  0 passed
Test: 38 =  3*12 +  2 passed
Test: 38 =  4* 9 +  2 passed
Test: 38 =  5* 7 +  3 passed
Test: 38 =  6* 6 +  2 passed
Test: 38 =  7* 5 +  3 passed
Test: 38 =  8* 4 +  6 passed
Test: 38 =  9* 4 +  2 passed
Test: 38 = 10* 3 +  8 passed
Test: 38 = 11* 3 +  5 passed
Test: 38 = 12* 3 +  2 passed
Test: 38 = 13* 2 + 12 passed
Test: 38 = 14* 2 + 10 passed
Test: 38 = 15* 2 +  8 passed
Test: 39 =  0*63 +  7 passed
Test: 39 =  1*39 +  0 passed
Test: 39 =  2*19 +  1 passed
Test: 39 =  3*13 +  0 passed
Test: 39 =  4* 9 +  3 passed
Test: 39 =  5* 7 +  4 passed
Test: 39 =  6* 6 +  3 passed
Test: 39 =  7* 5 +  4 passed
Test: 39 =  8* 4 +  7 passed
Test: 39 =  9* 4 +  3 passed
Test: 39 = 10* 3 +  9 passed
Test: 39 = 11* 3 +  6 passed
Test: 39 = 12* 3 +  3 passed
Test: 39 = 13* 3 +  0 passed
Test: 39 = 14* 2 + 11 passed
Test: 39 = 15* 2 +  9 passed
Test: 40 =  0*63 +  8 passed
Test: 40 =  1*40 +  0 passed
Test: 40 =  2*20 +  0 passed
Test: 40 =  3*13 +  1 passed
Test: 40 =  4*10 +  0 passed
Test: 40 =  5* 8 +  0 passed
Test: 40 =  6* 6 +  4 passed
Test: 40 =  7* 5 +  5 passed
Test: 40 =  8* 5 +  0 passed
Test: 40 =  9* 4 +  4 passed
Test: 40 = 10* 4 +  0 passed
Test: 40 = 11* 3 +  7 passed
Test: 40 = 12* 3 +  4 passed
Test: 40 = 13* 3 +  1 passed
Test: 40 = 14* 2 + 12 passed
Test: 40 = 15* 2 + 10 passed
Test: 41 =  0*63 +  9 passed
Test: 41 =  1*41 +  0 passed
Test: 41 =  2*20 +  1 passed
Test: 41 =  3*13 +  2 passed
Test: 41 =  4*10 +  1 passed
Test: 41 =  5* 8 +  1 passed
Test: 41 =  6* 6 +  5 passed
Test: 41 =  7* 5 +  6 passed
Test: 41 =  8* 5 +  1 passed
Test: 41 =  9* 4 +  5 passed
Test: 41 = 10* 4 +  1 passed
Test: 41 = 11* 3 +  8 passed
Test: 41 = 12* 3 +  5 passed
Test: 41 = 13* 3 +  2 passed
Test: 41 = 14* 2 + 13 passed
Test: 41 = 15* 2 + 11 passed
Test: 42 =  0*63 + 10 passed
Test: 42 =  1*42 +  0 passed
Test: 42 =  2*21 +  0 passed
Test: 42 =  3*14 +  0 passed
Test: 42 =  4*10 +  2 passed
Test: 42 =  5* 8 +  2 passed
Test: 42 =  6* 7 +  0 passed
Test: 42 =  7* 6 +  0 passed
Test: 42 =  8* 5 +  2 passed
Test: 42 =  9* 4 +  6 passed
Test: 42 = 10* 4 +  2 passed
Test: 42 = 11* 3 +  9 passed
Test: 42 = 12* 3 +  6 passed
Test: 42 = 13* 3 +  3 passed
Test: 42 = 14* 3 +  0 passed
Test: 42 = 15* 2 + 12 passed
Test: 43 =  0*63 + 11 passed
Test: 43 =  1*43 +  0 passed
Test: 43 =  2*21 +  1 passed
Test: 43 =  3*14 +  1 passed
Test: 43 =  4*10 +  3 passed
Test: 43 =  5* 8 +  3 passed
Test: 43 =  6* 7 +  1 passed
Test: 43 =  7* 6 +  1 passed
Test: 43 =  8* 5 +  3 passed
Test: 43 =  9* 4 +  7 passed
Test: 43 = 10* 4 +  3 passed
Test: 43 = 11* 3 + 10 passed
Test: 43 = 12* 3 +  7 passed
Test: 43 = 13* 3 +  4 passed
Test: 43 = 14* 3 +  1 passed
Test: 43 = 15* 2 + 13 passed
Test: 44 =  0*63 + 12 passed
Test: 44 =  1*44 +  0 passed
Test: 44 =  2*22 +  0 passed
Test: 44 =  3*14 +  2 passed
Test: 44 =  4*11 +  0 passed
Test: 44 =  5* 8 +  4 passed
Test: 44 =  6* 7 +  2 passed
Test: 44 =  7* 6 +  2 passed
Test: 44 =  8* 5 +  4 passed
Test: 44 =  9* 4 +  8 passed
Test: 44 = 10* 4 +  4 passed
Test: 44 = 11* 4 +  0 passed
Test: 44 = 12* 3 +  8 passed
Test: 44 = 13* 3 +  5 passed
Test: 44 = 14* 3 +  2 passed
Test: 44 = 15* 2 + 14 passed
Test: 45 =  0*63 + 13 passed
Test: 45 =  1*45 +  0 passed
Test: 45 =  2*22 +  1 passed
Test: 45 =  3*15 +  0 passed
Test: 45 =  4*11 +  1 passed
Test: 45 =  5* 9 +  0 passed
Test: 45 =  6* 7 +  3 passed
Test: 45 =  7* 6 +  3 passed
Test: 45 =  8* 5 +  5 passed
Test: 45 =  9* 5 +  0 passed
Test: 45 = 10* 4 +  5 passed
Test: 45 = 11* 4 +  1 passed
Test: 45 = 12* 3 +  9 passed
Test: 45 = 13* 3 +  6 passed
Test: 45 = 14* 3 +  3 passed
Test: 45 = 15* 3 +  0 passed
Test: 46 =  0*63 + 14 passed
Test: 46 =  1*46 +  0 passed
Test: 46 =  2*23 +  0 passed
Test: 46 =  3*15 +  1 passed
Test: 46 =  4*11 +  2 passed
Test: 46 =  5* 9 +  1 passed
Test: 46 =  6* 7 +  4 passed
Test: 46 =  7* 6 +  4 passed
Test: 46 =  8* 5 +  6 passed
Test: 46 =  9* 5 +  1 passed
Test: 46 = 10* 4 +  6 passed
Test: 46 = 11* 4 +  2 passed
Test: 46 = 12* 3 + 10 passed
Test: 46 = 13* 3 +  7 passed
Test: 46 = 14* 3 +  4 passed
Test: 46 = 15* 3 +  1 passed
Test: 47 =  0*63 + 15 passed
Test: 47 =  1*47 +  0 passed
Test: 47 =  2*23 +  1 passed
Test: 47 =  3*15 +  2 passed
Test: 47 =  4*11 +  3 passed
Test: 47 =  5* 9 +  2 passed
Test: 47 =  6* 7 +  5 passed
Test: 47 =  7* 6 +  5 passed
Test: 47 =  8* 5 +  7 passed
Test: 47 =  9* 5 +  2 passed
Test: 47 = 10* 4 +  7 passed
Test: 47 = 11* 4 +  3 passed
Test: 47 = 12* 3 + 11 passed
Test: 47 = 13* 3 +  8 passed
Test: 47 = 14* 3 +  5 passed
Test: 47 = 15* 3 +  2 passed
Test: 48 =  0*63 +  0 passed
Test: 48 =  1*48 +  0 passed
Test: 48 =  2*24 +  0 passed
Test: 48 =  3*16 +  0 passed
Test: 48 =  4*12 +  0 passed
Test: 48 =  5* 9 +  3 passed
Test: 48 =  6* 8 +  0 passed
Test: 48 =  7* 6 +  6 passed
Test: 48 =  8* 6 +  0 passed
Test: 48 =  9* 5 +  3 passed
Test: 48 = 10* 4 +  8 passed
Test: 48 = 11* 4 +  4 passed
Test: 48 = 12* 4 +  0 passed
Test: 48 = 13* 3 +  9 passed
Test: 48 = 14* 3 +  6 passed
Test: 48 = 15* 3 +  3 passed
Test: 49 =  0*63 +  1 passed
Test: 49 =  1*49 +  0 passed
Test: 49 =  2*24 +  1 passed
Test: 49 =  3*16 +  1 passed
Test: 49 =  4*12 +  1 passed
Test: 49 =  5* 9 +  4 passed
Test: 49 =  6* 8 +  1 passed
Test: 49 =  7* 7 +  0 passed
Test: 49 =  8* 6 +  1 passed
Test: 49 =  9* 5 +  4 passed
Test: 49 = 10* 4 +  9 passed
Test: 49 = 11* 4 +  5 passed
Test: 49 = 12* 4 +  1 passed
Test: 49 = 13* 3 + 10 passed
Test: 49 = 14* 3 +  7 passed
Test: 49 = 15* 3 +  4 passed
Test: 50 =  0*63 +  2 passed
Test: 50 =  1*50 +  0 passed
Test: 50 =  2*25 +  0 passed
Test: 50 =  3*16 +  2 passed
Test: 50 =  4*12 +  2 passed
Test: 50 =  5*10 +  0 passed
Test: 50 =  6* 8 +  2 passed
Test: 50 =  7* 7 +  1 passed
Test: 50 =  8* 6 +  2 passed
Test: 50 =  9* 5 +  5 passed
Test: 50 = 10* 5 +  0 passed
Test: 50 = 11* 4 +  6 passed
Test: 50 = 12* 4 +  2 passed
Test: 50 = 13* 3 + 11 passed
Test: 50 = 14* 3 +  8 passed
Test: 50 = 15* 3 +  5 passed
Test: 51 =  0*63 +  3 passed
Test: 51 =  1*51 +  0 passed
Test: 51 =  2*25 +  1 passed
Test: 51 =  3*17 +  0 passed
Test: 51 =  4*12 +  3 passed
Test: 51 =  5*10 +  1 passed
Test: 51 =  6* 8 +  3 passed
Test: 51 =  7* 7 +  2 passed
Test: 51 =  8* 6 +  3 passed
Test: 51 =  9* 5 +  6 passed
Test: 51 = 10* 5 +  1 passed
Test: 51 = 11* 4 +  7 passed
Test: 51 = 12* 4 +  3 passed
Test: 51 = 13* 3 + 12 passed
Test: 51 = 14* 3 +  9 passed
Test: 51 = 15* 3 +  6 passed
Test: 52 =  0*63 +  4 passed
Test: 52 =  1*52 +  0 passed
Test: 52 =  2*26 +  0 passed
Test: 52 =  3*17 +  1 passed
Test: 52 =  4*13 +  0 passed
Test: 52 =  5*10 +  2 passed
Test: 52 =  6* 8 +  4 passed
Test: 52 =  7* 7 +  3 passed
Test: 52 =  8* 6 +  4 passed
Test: 52 =  9* 5 +  7 passed
Test: 52 = 10* 5 +  2 passed
Test: 52 = 11* 4 +  8 passed
Test: 52 = 12* 4 +  4 passed
Test: 52 = 13* 4 +  0 passed
Test: 52 = 14* 3 + 10 passed
Test: 52 = 15* 3 +  7 passed
Test: 53 =  0*63 +  5 passed
Test: 53 =  1*53 +  0 passed
Test: 53 =  2*26 +  1 passed
Test: 53 =  3*17 +  2 passed
Test: 53 =  4*13 +  1 passed
Test: 53 =  5*10 +  3 passed
Test: 53 =  6* 8 +  5 passed
Test: 53 =  7* 7 +  4 passed
Test: 53 =  8* 6 +  5 passed
Test: 53 =  9* 5 +  8 passed
Test: 53 = 10* 5 +  3 passed
Test: 53 = 11* 4 +  9 passed
Test: 53 = 12* 4 +  5 passed
Test: 53 = 13* 4 +  1 passed
Test: 53 = 14* 3 + 11 passed
Test: 53 = 15* 3 +  8 passed
Test: 54 =  0*63 +  6 passed
Test: 54 =  1*54 +  0 passed
Test: 54 =  2*27 +  0 passed
Test: 54 =  3*18 +  0 passed
Test: 54 =  4*13 +  2 passed
Test: 54 =  5*10 +  4 passed
Test: 54 =  6* 9 +  0 passed
Test: 54 =  7* 7 +  5 passed
Test: 54 =  8* 6 +  6 passed
Test: 54 =  9* 6 +  0 passed
Test: 54 = 10* 5 +  4 passed
Test: 54 = 11* 4 + 10 passed
Test: 54 = 12* 4 +  6 passed
Test: 54 = 13* 4 +  2 passed
Test: 54 = 14* 3 + 12 passed
Test: 54 = 15* 3 +  9 passed
Test: 55 =  0*63 +  7 passed
Test: 55 =  1*55 +  0 passed
Test: 55 =  2*27 +  1 passed
Test: 55 =  3*18 +  1 passed
Test: 55 =  4*13 +  3 passed
Test: 55 =  5*11 +  0 passed
Test: 55 =  6* 9 +  1 passed
Test: 55 =  7* 7 +  6 passed
Test: 55 =  8* 6 +  7 passed
Test: 55 =  9* 6 +  1 passed
Test: 55 = 10* 5 +  5 passed
Test: 55 = 11* 5 +  0 passed
Test: 55 = 12* 4 +  7 passed
Test: 55 = 13* 4 +  3 passed
Test: 55 = 14* 3 + 13 passed
Test: 55 = 15* 3 + 10 passed
Test: 56 =  0*63 +  8 passed
Test: 56 =  1*56 +  0 passed
Test: 56 =  2*28 +  0 passed
Test: 56 =  3*18 +  2 passed
Test: 56 =  4*14 +  0 passed
Test: 56 =  5*11 +  1 passed
Test: 56 =  6* 9 +  2 passed
Test: 56 =  7* 8 +  0 passed
Test: 56 =  8* 7 +  0 passed
Test: 56 =  9* 6 +  2 passed
Test: 56 = 10* 5 +  6 passed
Test: 56 = 11* 5 +  1 passed
Test: 56 = 12* 4 +  8 passed
Test: 56 = 13* 4 +  4 passed
Test: 56 = 14* 4 +  0 passed
Test: 56 = 15* 3 + 11 passed
Test: 57 =  0*63 +  9 passed
Test: 57 =  1*57 +  0 passed
Test: 57 =  2*28 +  1 passed
Test: 57 =  3*19 +  0 passed
Test: 57 =  4*14 +  1 passed
Test: 57 =  5*11 +  2 passed
Test: 57 =  6* 9 +  3 passed
Test: 57 =  7* 8 +  1 passed
Test: 57 =  8* 7 +  1 passed
Test: 57 =  9* 6 +  3 passed
Test: 57 = 10* 5 +  7 passed
Test: 57 = 11* 5 +  2 passed
Test: 57 = 12* 4 +  9 passed
Test: 57 = 13* 4 +  5 passed
Test: 57 = 14* 4 +  1 passed
Test: 57 = 15* 3 + 12 passed
Test: 58 =  0*63 + 10 passed
Test: 58 =  1*58 +  0 passed
Test: 58 =  2*29 +  0 passed
Test: 58 =  3*19 +  1 passed
Test: 58 =  4*14 +  2 passed
Test: 58 =  5*11 +  3 passed
Test: 58 =  6* 9 +  4 passed
Test: 58 =  7* 8 +  2 passed
Test: 58 =  8* 7 +  2 passed
Test: 58 =  9* 6 +  4 passed
Test: 58 = 10* 5 +  8 passed
Test: 58 = 11* 5 +  3 passed
Test: 58 = 12* 4 + 10 passed
Test: 58 = 13* 4 +  6 passed
Test: 58 = 14* 4 +  2 passed
Test: 58 = 15* 3 + 13 passed
Test: 59 =  0*63 + 11 passed
Test: 59 =  1*59 +  0 passed
Test: 59 =  2*29 +  1 passed
Test: 59 =  3*19 +  2 passed
Test: 59 =  4*14 +  3 passed
Test: 59 =  5*11 +  4 passed
Test: 59 =  6* 9 +  5 passed
Test: 59 =  7* 8 +  3 passed
Test: 59 =  8* 7 +  3 passed
Test: 59 =  9* 6 +  5 passed
Test: 59 = 10* 5 +  9 passed
Test: 59 = 11* 5 +  4 passed
Test: 59 = 12* 4 + 11 passed
Test: 59 = 13* 4 +  7 passed
Test: 59 = 14* 4 +  3 passed
Test: 59 = 15* 3 + 14 passed
Test: 60 =  0*63 + 12 passed
Test: 60 =  1*60 +  0 passed
Test: 60 =  2*30 +  0 passed
Test: 60 =  3*20 +  0 passed
Test: 60 =  4*15 +  0 passed
Test: 60 =  5*12 +  0 passed
Test: 60 =  6*10 +  0 passed
Test: 60 =  7* 8 +  4 passed
Test: 60 =  8* 7 +  4 passed
Test: 60 =  9* 6 +  6 passed
Test: 60 = 10* 6 +  0 passed
Test: 60 = 11* 5 +  5 passed
Test: 60 = 12* 5 +  0 passed
Test: 60 = 13* 4 +  8 passed
Test: 60 = 14* 4 +  4 passed
Test: 60 = 15* 4 +  0 passed
Test: 61 =  0*63 + 13 passed
Test: 61 =  1*61 +  0 passed
Test: 61 =  2*30 +  1 passed
Test: 61 =  3*20 +  1 passed
Test: 61 =  4*15 +  1 passed
Test: 61 =  5*12 +  1 passed
Test: 61 =  6*10 +  1 passed
Test: 61 =  7* 8 +  5 passed
Test: 61 =  8* 7 +  5 passed
Test: 61 =  9* 6 +  7 passed
Test: 61 = 10* 6 +  1 passed
Test: 61 = 11* 5 +  6 passed
Test: 61 = 12* 5 +  1 passed
Test: 61 = 13* 4 +  9 passed
Test: 61 = 14* 4 +  5 passed
Test: 61 = 15* 4 +  1 passed
Test: 62 =  0*63 + 14 passed
Test: 62 =  1*62 +  0 passed
Test: 62 =  2*31 +  0 passed
Test: 62 =  3*20 +  2 passed
Test: 62 =  4*15 +  2 passed
Test: 62 =  5*12 +  2 passed
Test: 62 =  6*10 +  2 passed
Test: 62 =  7* 8 +  6 passed
Test: 62 =  8* 7 +  6 passed
Test: 62 =  9* 6 +  8 passed
Test: 62 = 10* 6 +  2 passed
Test: 62 = 11* 5 +  7 passed
Test: 62 = 12* 5 +  2 passed
Test: 62 = 13* 4 + 10 passed
Test: 62 = 14* 4 +  6 passed
Test: 62 = 15* 4 +  2 passed
Test: 63 =  0*63 + 15 passed
Test: 63 =  1*63 +  0 passed
Test: 63 =  2*31 +  1 passed
Test: 63 =  3*21 +  0 passed
Test: 63 =  4*15 +  3 passed
Test: 63 =  5*12 +  3 passed
Test: 63 =  6*10 +  3 passed
Test: 63 =  7* 9 +  0 passed
Test: 63 =  8* 7 +  7 passed
Test: 63 =  9* 7 +  0 passed
Test: 63 = 10* 6 +  3 passed
Test: 63 = 11* 5 +  8 passed
Test: 63 = 12* 5 +  3 passed
Test: 63 = 13* 4 + 11 passed
Test: 63 = 14* 4 +  7 passed
Test: 63 = 15* 4 +  3 passed
$finish called at time : 81930 ns : File "C:/Users/oscar/Coding Projects/CSULB/CECS 361 FALL 2020/Lab 4/Lab 4.srcs/sim_1/new/Iter_Div_tb.v" Line 43
