Unable to capture context for thread 9136 in process 6252, can not generate back trace
Exception at PC 0x00007FFF6326BB93
Printing stacktrace...

Unable to capture context for thread 9136 in process 6252, can not generate back trace
Exception at PC 0x00007FFF986DA839
Exception at PC 0x00007FFF986DA839
Exception at PC 0x00007FFF986DA839
Exception at PC 0x00007FFF986DA839
Exception at PC 0x00007FFF986DA839
Exception at PC 0x00007FFF986DA839
Exception at PC 0x00007FFF986DA839
Exception at PC 0x00007FFF986DA839
Exception at PC 0x00007FFF986DA839
Exception at PC 0x00007FFF986DA839
Exception at PC 0x00007FFF986DA839
Exception at PC 0x00007FFF986DA839
Exception at PC 0x00007FFF986DA839
Exception at PC 0x00007FFF986DA839
Exception at PC 0x00007FFF986DA839
Exception at PC 0x00007FFF986DA839
[0]  [0x00007FFF6326BB93]
[1]  [0x00007FFF6326BB93]
[2]  [0x00007FFF6326B4A1]
[3]  [0x00007FFF6326B3EF]
[4]  [0x00007FFF632519FE]
[5]  [0x00007FFF63250ED1]
[6]  [0x00007FFF63250D76]
[7]  [0x00007FFF631F79F6]
[8]  [0x00007FFF631E7AFB]
[9]  [0x00007FFF6330E90A]
[10]  [0x00007FFF63329F87]
[11]  [0x00007FFF6332A05F]
[12] (BaseThreadInitThunk+0x14) [0x00007FFF99937BD4]
[13] (RtlUserThreadStart+0x21) [0x00007FFF9AB8CED1]
Done
Exception at PC 0x00007FFF986DA839
