Vivado Simulator 2016.2
Time resolution is 1 ps
 0 *  0 =   1, not   0
 0 *  1 =   1, not   0
 0 *  2 =   1, not   0
 0 *  3 =   1, not   0
 0 *  4 =   1, not   0
 0 *  5 =   1, not   0
 0 *  6 =   1, not   0
 0 *  7 =   1, not   0
 0 *  8 =   1, not   0
 0 *  9 =   1, not   0
 0 * 10 =   1, not   0
 0 * 11 =   1, not   0
 0 * 12 =   1, not   0
 0 * 13 =   1, not   0
 0 * 14 =   1, not   0
 0 * 15 =   1, not   0
 1 *  0 =   1, not   0
 1 *  1 =   2, not   1
 1 *  2 =   3, not   2
 1 *  3 =   4, not   3
 1 *  4 =   5, not   4
 1 *  5 =   6, not   5
 1 *  6 =   7, not   6
 1 *  7 =   8, not   7
 1 *  8 =   9, not   8
 1 *  9 =  10, not   9
 1 * 10 =  11, not  10
 1 * 11 =  12, not  11
 1 * 12 =  13, not  12
 1 * 13 =  14, not  13
 1 * 14 =  15, not  14
 1 * 15 =  16, not  15
 2 *  0 =   1, not   0
 2 *  1 =   3, not   2
 2 *  2 =   5, not   4
 2 *  3 =   7, not   6
 2 *  4 =   9, not   8
 2 *  5 =  11, not  10
 2 *  6 =  13, not  12
 2 *  7 =  15, not  14
 2 *  8 =  17, not  16
 2 *  9 =  19, not  18
 2 * 10 =  21, not  20
 2 * 11 =  23, not  22
 2 * 12 =  25, not  24
 2 * 13 =  27, not  26
 2 * 14 =  29, not  28
 2 * 15 =  31, not  30
 3 *  0 =   1, not   0
 3 *  1 =   4, not   3
 3 *  2 =   7, not   6
 3 *  3 =  10, not   9
 3 *  4 =  13, not  12
 3 *  5 =  16, not  15
 3 *  6 =  19, not  18
 3 *  7 =  22, not  21
 3 *  8 =  25, not  24
 3 *  9 =  28, not  27
 3 * 10 =  31, not  30
 3 * 11 =  34, not  33
 3 * 12 =  37, not  36
 3 * 13 =  40, not  39
 3 * 14 =  43, not  42
 3 * 15 =  46, not  45
 4 *  0 =   1, not   0
 4 *  1 =   5, not   4
 4 *  2 =   9, not   8
 4 *  3 =  13, not  12
 4 *  4 =  17, not  16
 4 *  5 =  21, not  20
 4 *  6 =  25, not  24
 4 *  7 =  29, not  28
 4 *  8 =  33, not  32
 4 *  9 =  37, not  36
 4 * 10 =  41, not  40
 4 * 11 =  45, not  44
 4 * 12 =  49, not  48
 4 * 13 =  53, not  52
 4 * 14 =  57, not  56
 4 * 15 =  61, not  60
 5 *  0 =   1, not   0
 5 *  1 =   6, not   5
 5 *  2 =  11, not  10
 5 *  3 =  16, not  15
 5 *  4 =  21, not  20
 5 *  5 =  26, not  25
 5 *  6 =  31, not  30
 5 *  7 =  36, not  35
 5 *  8 =  41, not  40
 5 *  9 =  46, not  45
 5 * 10 =  51, not  50
 5 * 11 =  56, not  55
 5 * 12 =  61, not  60
 5 * 13 =  66, not  65
 5 * 14 =  71, not  70
 5 * 15 =  76, not  75
 6 *  0 =   1, not   0
 6 *  1 =   7, not   6
 6 *  2 =  13, not  12
 6 *  3 =  19, not  18
 6 *  4 =  25, not  24
 6 *  5 =  31, not  30
 6 *  6 =  37, not  36
 6 *  7 =  43, not  42
 6 *  8 =  49, not  48
 6 *  9 =  55, not  54
 6 * 10 =  61, not  60
 6 * 11 =  67, not  66
 6 * 12 =  73, not  72
 6 * 13 =  79, not  78
 6 * 14 =  85, not  84
 6 * 15 =  91, not  90
 7 *  0 =   1, not   0
 7 *  1 =   8, not   7
 7 *  2 =  15, not  14
 7 *  3 =  22, not  21
 7 *  4 =  29, not  28
 7 *  5 =  36, not  35
 7 *  6 =  43, not  42
 7 *  7 =  50, not  49
 7 *  8 =  57, not  56
 7 *  9 =  64, not  63
 7 * 10 =  71, not  70
 7 * 11 =  78, not  77
 7 * 12 =  85, not  84
 7 * 13 =  92, not  91
 7 * 14 =  99, not  98
 7 * 15 = 106, not 105
 8 *  0 =   1, not   0
 8 *  1 =   9, not   8
 8 *  2 =  17, not  16
 8 *  3 =  25, not  24
 8 *  4 =  33, not  32
 8 *  5 =  41, not  40
 8 *  6 =  49, not  48
 8 *  7 =  57, not  56
 8 *  8 =  65, not  64
 8 *  9 =  73, not  72
 8 * 10 =  81, not  80
 8 * 11 =  89, not  88
 8 * 12 =  97, not  96
 8 * 13 = 105, not 104
 8 * 14 = 113, not 112
 8 * 15 = 121, not 120
 9 *  0 =   1, not   0
 9 *  1 =  10, not   9
 9 *  2 =  19, not  18
 9 *  3 =  28, not  27
 9 *  4 =  37, not  36
 9 *  5 =  46, not  45
 9 *  6 =  55, not  54
 9 *  7 =  64, not  63
 9 *  8 =  73, not  72
 9 *  9 =  82, not  81
 9 * 10 =  91, not  90
 9 * 11 = 100, not  99
 9 * 12 = 109, not 108
 9 * 13 = 118, not 117
 9 * 14 = 127, not 126
 9 * 15 = 136, not 135
10 *  0 =   1, not   0
10 *  1 =  11, not  10
10 *  2 =  21, not  20
10 *  3 =  31, not  30
10 *  4 =  41, not  40
10 *  5 =  51, not  50
10 *  6 =  61, not  60
10 *  7 =  71, not  70
10 *  8 =  81, not  80
10 *  9 =  91, not  90
10 * 10 = 101, not 100
10 * 11 = 111, not 110
10 * 12 = 121, not 120
10 * 13 = 131, not 130
10 * 14 = 141, not 140
10 * 15 = 151, not 150
11 *  0 =   1, not   0
11 *  1 =  12, not  11
11 *  2 =  23, not  22
11 *  3 =  34, not  33
11 *  4 =  45, not  44
11 *  5 =  56, not  55
11 *  6 =  67, not  66
11 *  7 =  78, not  77
11 *  8 =  89, not  88
11 *  9 = 100, not  99
11 * 10 = 111, not 110
11 * 11 = 122, not 121
11 * 12 = 133, not 132
11 * 13 = 144, not 143
11 * 14 = 155, not 154
11 * 15 = 166, not 165
12 *  0 =   1, not   0
12 *  1 =  13, not  12
12 *  2 =  25, not  24
12 *  3 =  37, not  36
12 *  4 =  49, not  48
12 *  5 =  61, not  60
12 *  6 =  73, not  72
12 *  7 =  85, not  84
12 *  8 =  97, not  96
12 *  9 = 109, not 108
12 * 10 = 121, not 120
12 * 11 = 133, not 132
12 * 12 = 145, not 144
12 * 13 = 157, not 156
12 * 14 = 169, not 168
12 * 15 = 181, not 180
13 *  0 =   1, not   0
13 *  1 =  14, not  13
13 *  2 =  27, not  26
13 *  3 =  40, not  39
13 *  4 =  53, not  52
13 *  5 =  66, not  65
13 *  6 =  79, not  78
13 *  7 =  92, not  91
13 *  8 = 105, not 104
13 *  9 = 118, not 117
13 * 10 = 131, not 130
13 * 11 = 144, not 143
13 * 12 = 157, not 156
13 * 13 = 170, not 169
13 * 14 = 183, not 182
13 * 15 = 196, not 195
14 *  0 =   1, not   0
14 *  1 =  15, not  14
14 *  2 =  29, not  28
14 *  3 =  43, not  42
14 *  4 =  57, not  56
14 *  5 =  71, not  70
14 *  6 =  85, not  84
14 *  7 =  99, not  98
14 *  8 = 113, not 112
14 *  9 = 127, not 126
14 * 10 = 141, not 140
14 * 11 = 155, not 154
14 * 12 = 169, not 168
14 * 13 = 183, not 182
14 * 14 = 197, not 196
14 * 15 = 211, not 210
15 *  0 =   1, not   0
15 *  1 =  16, not  15
15 *  2 =  31, not  30
15 *  3 =  46, not  45
15 *  4 =  61, not  60
15 *  5 =  76, not  75
15 *  6 =  91, not  90
15 *  7 = 106, not 105
15 *  8 = 121, not 120
15 *  9 = 136, not 135
15 * 10 = 151, not 150
15 * 11 = 166, not 165
15 * 12 = 181, not 180
15 * 13 = 196, not 195
15 * 14 = 211, not 210
15 * 15 = 226, not 225
