Unable to capture context for thread 4372 in process 816, can not generate back trace
Unable to capture context for thread 11644 in process 816, can not generate back trace
Unable to capture context for thread 10772 in process 816, can not generate back trace
Unable to capture context for thread 12488 in process 816, can not generate back trace
Unable to capture context for thread 10748 in process 816, can not generate back trace
Unable to capture context for thread 2648 in process 816, can not generate back trace
Unable to capture context for thread 10080 in process 816, can not generate back trace
Exception at PC 0x00007FF804F0BB93
Printing stacktrace...

Exception at PC 0x00007FF84094A388
Exception at PC 0x00007FF84094A388
Exception at PC 0x00007FF84094A388
Exception at PC 0x00007FF84094A388
Exception at PC 0x00007FF84094A388
Exception at PC 0x00007FF84094A388
Exception at PC 0x00007FF84094A388
Exception at PC 0x00007FF84094A388
Exception at PC 0x00007FF84094A388
Exception at PC 0x00007FF84094A388
Exception at PC 0x00007FF84094A388
Exception at PC 0x00007FF84094A388
Exception at PC 0x00007FF84094A388
Exception at PC 0x00007FF84094A388
[0]  [0x00007FF804F0BB93]
[1]  [0x00007FF804F0BB93]
[2]  [0x00007FF804F0B4A1]
[3]  [0x00007FF804F0B459]
[4]  [0x00007FF804EF19FE]
[5]  [0x00007FF804EF0ED1]
[6]  [0x00007FF804EF0D76]
[7]  [0x00007FF804E979F6]
[8]  [0x00007FF804E87AFB]
[9]  [0x00007FF804FAE90A]
[10]  [0x00007FF804FC9F87]
[11]  [0x00007FF804FCA05F]
[12] (BaseThreadInitThunk+0x14) [0x00007FF841C44034]
[13] (RtlUserThreadStart+0x21) [0x00007FF844513691]
Done
Exception at PC 0x00007FF84094A388
Exception at PC 0x00007FF84094A388
Exception at PC 0x00007FF84094A388
Exception at PC 0x00007FF84094A388
Exception at PC 0x00007FF84094A388
Exception at PC 0x00007FF84094A388
