C51 COMPILER V9.60.0.0   MAIN                                                              03/06/2020 12:05:44 PAGE 1   


C51 COMPILER V9.60.0.0, COMPILATION OF MODULE MAIN
OBJECT MODULE PLACED IN .\Objects\main.obj
COMPILER INVOKED BY: C:\Program Files (x86)\Keil uVision 5\C51\BIN\C51.EXE main.c OPTIMIZE(8,SPEED) BROWSE DEBUG OBJECTE
                    -XTEND PRINT(.\Listings\main.lst) TABS(2) OBJECT(.\Objects\main.obj)

line level    source

   1          #include <reg51.h>
   2          //#include <stdint.h> //library doesn't work, please fix
   3          //by Rodrigo Becerril Ferreyra
   4          
   5          sbit sw0 = P0^0;
   6          sbit sw1 = P0^1;
   7          sbit sw2 = P0^2;
   8          sbit sw3 = P0^3;
   9          sbit sw4 = P0^4;
  10          sbit sw5 = P0^5;
  11          sbit sw6 = P0^6;
  12          sbit sw7 = P0^7;
  13          
  14          bit goingleft = 0;
  15          bit firsttime = 1;
  16          bit countup = 1;
  17          float time = 1.0;
  18          unsigned char leftbounce;
  19          unsigned char rightbounce;
  20          
  21          void delay(float seconds)
  22          {
  23   1        unsigned int i;
  24   1        
  25   1        TMOD = 0x01;
  26   1        for(i = 0; i < 20 * seconds; i++)
  27   1        {
  28   2          TR0 = 1;
  29   2          TH0 = 0x3c; TL0 = 0xaf;
  30   2          while(TF0 == 0);
  31   2          TF0 = 0;
  32   2        }
  33   1        
  34   1      }
  35          
  36          
  37          int main()
  38          {
  39   1        P0 = 0xFF;
  40   1        P1 = 0x00;
  41   1        
  42   1        while(1)
  43   1        {
  44   2          
  45   2          //delay logic
  46   2          if((!sw4 && !sw5 && !sw6 && !sw7) || sw4)
  47   2            time = 0.5; //0.5 s
  48   2          else if(sw5)
  49   2            time = 1.0; //1 s
  50   2          else if(sw6)
  51   2            time = 1.5; //1.5 s
  52   2          else if(sw7)
  53   2            time = 2.0; //2 s
  54   2          
C51 COMPILER V9.60.0.0   MAIN                                                              03/06/2020 12:05:44 PAGE 2   

  55   2          if(sw0) //left-right bounce
  56   2          {
  57   3            
  58   3            if(firsttime) //initial setting
  59   3              P1 = 0x80;
  60   3            
  61   3            delay(time);
  62   3            
  63   3            switch(P1) //this prevents the LED from going past bit 0 or bit 7.
  64   3            {
  65   4              case 0x01:
  66   4                goingleft = 1;
  67   4                break;
  68   4              case 0x80:
  69   4                goingleft = 0;
  70   4                break;
  71   4              default:
  72   4                goingleft = goingleft;
  73   4            }
  74   3            
  75   3            P1 = goingleft ? P1 << 1 : P1 >> 1;
  76   3            firsttime = 0;
  77   3            
  78   3          }
  79   2          else if(sw1) //counting mode
  80   2          {
  81   3            
  82   3            if(firsttime) //initialization
  83   3              P1 = countup ? 0x00 : 0xff;
  84   3            
  85   3            delay(time);
  86   3            
  87   3            P1 = countup ? P1 + 1 : P1 - 1;
  88   3            
  89   3            firsttime = 0;
  90   3            
  91   3          }
  92   2          else if(sw2) //doublebounce
  93   2          {
  94   3            
  95   3            if(firsttime) //initialization
  96   3            {
  97   4              leftbounce  = 0x01;
  98   4              rightbounce = 0x80;
  99   4            }
 100   3            
 101   3            delay(time);
 102   3            
 103   3            P1 = leftbounce | rightbounce;
 104   3            
 105   3            leftbounce  <<= 1;
 106   3            rightbounce >>= 1;
 107   3            
 108   3            if(leftbounce == 0x00 && rightbounce == 0x00)
 109   3            {
 110   4              leftbounce  = 0x01;
 111   4              rightbounce = 0x80;
 112   4            }
 113   3            
 114   3            firsttime = 0;
 115   3            
 116   3          }
C51 COMPILER V9.60.0.0   MAIN                                                              03/06/2020 12:05:44 PAGE 3   

 117   2          else if(sw3) //bounce left only (increment)
 118   2          {
 119   3            
 120   3            if(firsttime)
 121   3              P1 = 0x00;
 122   3            
 123   3            delay(time);
 124   3            
 125   3            switch(P1)
 126   3            {
 127   4              case 0x00:
 128   4                goingleft = 0;
 129   4                break;
 130   4              case 0xff:
 131   4                goingleft = 1;
 132   4                break;
 133   4              default:
 134   4                goingleft = goingleft;
 135   4            }
 136   3            
 137   3            if(!goingleft)
 138   3            {
 139   4              P1 >>= 1;
 140   4              P1 += 0x80;
 141   4            }
 142   3            else
 143   3              P1 <<= 1;
 144   3            
 145   3            firsttime = 0;
 146   3            
 147   3          }
 148   2          else
 149   2          {
 150   3            firsttime = 1;
 151   3            P1 = 0x00;
 152   3          }
 153   2          
 154   2        }
 155   1        
 156   1        return 0;
 157   1      }
*** WARNING C294 IN LINE 156 OF main.c: unreachable code


MODULE INFORMATION:   STATIC OVERLAYABLE
   CODE SIZE        =    382    ----
   CONSTANT SIZE    =   ----    ----
   XDATA SIZE       =   ----    ----
   PDATA SIZE       =   ----    ----
   DATA SIZE        =      6       6
   IDATA SIZE       =   ----    ----
   BIT SIZE         =      3    ----
END OF MODULE INFORMATION.


C51 COMPILATION COMPLETE.  1 WARNING(S),  0 ERROR(S)
