Vivado Simulator 2016.2
Time resolution is 1 ps

Data In: 0000 Anode: fe Digit: 0
Error:   switch 0 cathode 40 anode fe 

Data In: 3524 Anode: fd Digit: 2
Error:   switch 2 cathode 24 anode fd 

Data In: 5e81 Anode: fb Digit: e
Error:   switch e cathode 06 anode fb 

Data In: d609 Anode: f7 Digit: d
Error:   switch d cathode 21 anode f7 

Data In: 5663 Anode: ef Digit: 3
Error:   switch 3 cathode 30 anode ef 

Data In: 7b0d Anode: df Digit: 0
Error:   switch 0 cathode 40 anode df 

Data In: 998d Anode: bf Digit: 9
Error:   switch 9 cathode 10 anode bf 

Data In: 8465 Anode: 7f Digit: 8
Error:   switch 8 cathode 00 anode 7f 

Data In: 5212 Anode: fe Digit: 2
Error:   switch 2 cathode 24 anode fe 

Data In: e301 Anode: fd Digit: 0
Error:   switch 0 cathode 40 anode fd 

Data In: cd0d Anode: fb Digit: d
Error:   switch d cathode 21 anode fb 

Data In: f176 Anode: f7 Digit: f
Error:   switch f cathode 0e anode f7 

Data In: cd3d Anode: ef Digit: d
Error:   switch d cathode 21 anode ef 

Data In: 57ed Anode: df Digit: e
Error:   switch e cathode 06 anode df 

Data In: f78c Anode: bf Digit: 7
Error:   switch 7 cathode 78 anode bf 

Data In: e9f9 Anode: 7f Digit: e
Error:   switch e cathode 06 anode 7f 

Data In: 24c6 Anode: fe Digit: 6
Error:   switch 6 cathode 02 anode fe 

Data In: 84c5 Anode: fd Digit: c
Error:   switch c cathode 46 anode fd 

Data In: d2aa Anode: fb Digit: 2
Error:   switch 2 cathode 24 anode fb 

Data In: f7e5 Anode: f7 Digit: f
Error:   switch f cathode 0e anode f7 

Data In: 7277 Anode: ef Digit: 7
Error:   switch 7 cathode 78 anode ef 

Data In: d612 Anode: df Digit: 1
Error:   switch 1 cathode 79 anode df 

Data In: db8f Anode: bf Digit: b
Error:   switch b cathode 03 anode bf 

Data In: 69f2 Anode: 7f Digit: 6
Error:   switch 6 cathode 02 anode 7f 

Data In: 96ce Anode: fe Digit: e
Error:   switch e cathode 06 anode fe 

Data In: 7ae8 Anode: fd Digit: e
Error:   switch e cathode 06 anode fd 

Data In: 4ec5 Anode: fb Digit: e
Error:   switch e cathode 06 anode fb 

Data In: 495c Anode: f7 Digit: 4
Error:   switch 4 cathode 19 anode f7 

Data In: 28bd Anode: ef Digit: d
Error:   switch d cathode 21 anode ef 

Data In: 582d Anode: df Digit: 2
Error:   switch 2 cathode 24 anode df 

Data In: 2665 Anode: bf Digit: 6
Error:   switch 6 cathode 02 anode bf 

Data In: 6263 Anode: 7f Digit: 6
Error:   switch 6 cathode 02 anode 7f 

Data In: 870a Anode: fe Digit: a
Error:   switch a cathode 08 anode fe 

Data In: 2280 Anode: fd Digit: 8
Error:   switch 8 cathode 00 anode fd 

Data In: 2120 Anode: fb Digit: 1
Error:   switch 1 cathode 79 anode fb 

Data In: 45aa Anode: f7 Digit: 4
Error:   switch 4 cathode 19 anode f7 

Data In: cc9d Anode: ef Digit: d
Error:   switch d cathode 21 anode ef 

Data In: 3e96 Anode: df Digit: 9
Error:   switch 9 cathode 10 anode df 

Data In: b813 Anode: bf Digit: 8
Error:   switch 8 cathode 00 anode bf 

Data In: 380d Anode: 7f Digit: 3
Error:   switch 3 cathode 30 anode 7f 

Data In: d653 Anode: fe Digit: 3
Error:   switch 3 cathode 30 anode fe 

Data In: dd6b Anode: fd Digit: 6
Error:   switch 6 cathode 02 anode fd 

Data In: 2ad5 Anode: fb Digit: a
Error:   switch a cathode 08 anode fb 

Data In: 4a02 Anode: f7 Digit: 4
Error:   switch 4 cathode 19 anode f7 

Data In: 3eae Anode: ef Digit: e
Error:   switch e cathode 06 anode ef 

Data In: e91d Anode: df Digit: 1
Error:   switch 1 cathode 79 anode df 

Data In: 72cf Anode: bf Digit: 2
Error:   switch 2 cathode 24 anode bf 

Data In: 4923 Anode: 7f Digit: 4
Error:   switch 4 cathode 19 anode 7f 

Data In: 650a Anode: fe Digit: a
Error:   switch a cathode 08 anode fe 

Data In: 0aca Anode: fd Digit: c
Error:   switch c cathode 46 anode fd 

Data In: 4c3c Anode: fb Digit: c
Error:   switch c cathode 46 anode fb 

Data In: bdf2 Anode: f7 Digit: b
Error:   switch b cathode 03 anode f7 

Data In: 618a Anode: ef Digit: a
Error:   switch a cathode 08 anode ef 

Data In: b341 Anode: df Digit: 4
Error:   switch 4 cathode 19 anode df 

Data In: 34d8 Anode: bf Digit: 4
Error:   switch 4 cathode 19 anode bf 

Data In: f378 Anode: 7f Digit: f
Error:   switch f cathode 0e anode 7f 

Data In: 1289 Anode: fe Digit: 9
Error:   switch 9 cathode 10 anode fe 

Data In: 0deb Anode: fd Digit: e
Error:   switch e cathode 06 anode fd 

Data In: 65b6 Anode: fb Digit: 5
Error:   switch 5 cathode 12 anode fb 

Data In: f9c6 Anode: f7 Digit: f
Error:   switch f cathode 0e anode f7 

Data In: 13ae Anode: ef Digit: e
Error:   switch e cathode 06 anode ef 

Data In: 02bc Anode: df Digit: b
Error:   switch b cathode 03 anode df 

Data In: dd2a Anode: bf Digit: d
Error:   switch d cathode 21 anode bf 

Data In: 9a0b Anode: 7f Digit: 9
Error:   switch 9 cathode 10 anode 7f 

Data In: be71 Anode: fe Digit: 1
Error:   switch 1 cathode 79 anode fe 

Data In: 4185 Anode: fd Digit: 8
Error:   switch 8 cathode 00 anode fd 

Data In: 554f Anode: fb Digit: 5
Error:   switch 5 cathode 12 anode fb 

Data In: 603b Anode: f7 Digit: 6
Error:   switch 6 cathode 02 anode f7 

Data In: 333a Anode: ef Digit: a
Error:   switch a cathode 08 anode ef 

Data In: 327e Anode: df Digit: 7
Error:   switch 7 cathode 78 anode df 

Data In: 4b15 Anode: bf Digit: b
Error:   switch b cathode 03 anode bf 

Data In: 9bf1 Anode: 7f Digit: 9
Error:   switch 9 cathode 10 anode 7f 

Data In: 4bd9 Anode: fe Digit: 9
Error:   switch 9 cathode 10 anode fe 

Data In: 0762 Anode: fd Digit: 6
Error:   switch 6 cathode 02 anode fd 

Data In: fb4c Anode: fb Digit: b
Error:   switch b cathode 03 anode fb 

Data In: 559f Anode: f7 Digit: 5
Error:   switch 5 cathode 12 anode f7 

Data In: a18f Anode: ef Digit: f
Error:   switch f cathode 0e anode ef 

Data In: a9f8 Anode: df Digit: f
Error:   switch f cathode 0e anode df 

Data In: 60b7 Anode: bf Digit: 0
Error:   switch 0 cathode 40 anode bf 

Data In: 569f Anode: 7f Digit: 5
Error:   switch 5 cathode 12 anode 7f 

Data In: 945c Anode: fe Digit: c
Error:   switch c cathode 46 anode fe 

Data In: c05b Anode: fd Digit: 5
Error:   switch 5 cathode 12 anode fd 

Data In: 3789 Anode: fb Digit: 7
Error:   switch 7 cathode 78 anode fb 

Data In: 3249 Anode: f7 Digit: 3
Error:   switch 3 cathode 30 anode f7 

Data In: 3ed0 Anode: ef Digit: 0
Error:   switch 0 cathode 40 anode ef 

Data In: c0d7 Anode: df Digit: d
Error:   switch d cathode 21 anode df 

Data In: fc51 Anode: bf Digit: c
Error:   switch c cathode 46 anode bf 

Data In: 2f96 Anode: 7f Digit: 2
Error:   switch 2 cathode 24 anode 7f 

Data In: 7f0c Anode: fe Digit: c
Error:   switch c cathode 46 anode fe 

Data In: cec2 Anode: fd Digit: c
Error:   switch c cathode 46 anode fd 

Data In: edc8 Anode: fb Digit: d
Error:   switch d cathode 21 anode fb 

Data In: 5a77 Anode: f7 Digit: 5
Error:   switch 5 cathode 12 anode f7 

Data In: ed3d Anode: ef Digit: d
Error:   switch d cathode 21 anode ef 

Data In: db12 Anode: df Digit: 1
Error:   switch 1 cathode 79 anode df 

Data In: 007e Anode: bf Digit: 0
Error:   switch 0 cathode 40 anode bf 

Data In: 816d Anode: 7f Digit: 8
Error:   switch 8 cathode 00 anode 7f 

Data In: e739 Anode: fe Digit: 9
Error:   switch 9 cathode 10 anode fe 

Data In: 8f1f Anode: fd Digit: 1
Error:   switch 1 cathode 79 anode fd 

Data In: f6d3 Anode: fb Digit: 6
Error:   switch 6 cathode 02 anode fb 

Data In: 2f85 Anode: f7 Digit: 2
Error:   switch 2 cathode 24 anode f7 

Data In: 8878 Anode: ef Digit: 8
Error:   switch 8 cathode 00 anode ef 

Data In: 595b Anode: df Digit: 5
Error:   switch 5 cathode 12 anode df 

Data In: 4b49 Anode: bf Digit: b
Error:   switch b cathode 03 anode bf 

Data In: ae3f Anode: 7f Digit: a
Error:   switch a cathode 08 anode 7f 

Data In: af2a Anode: fe Digit: a
Error:   switch a cathode 08 anode fe 

Data In: 6358 Anode: fd Digit: 5
Error:   switch 5 cathode 12 anode fd 

Data In: 3886 Anode: fb Digit: 8
Error:   switch 8 cathode 00 anode fb 

Data In: 0c8e Anode: f7 Digit: 0
Error:   switch 0 cathode 40 anode f7 

Data In: f29c Anode: ef Digit: c
Error:   switch c cathode 46 anode ef 

Data In: 99fa Anode: df Digit: f
Error:   switch f cathode 0e anode df 

Data In: bc26 Anode: bf Digit: c
Error:   switch c cathode 46 anode bf 

Data In: 1773 Anode: 7f Digit: 1
Error:   switch 1 cathode 79 anode 7f 

Data In: b4a3 Anode: fe Digit: 3
Error:   switch 3 cathode 30 anode fe 

Data In: a82f Anode: fd Digit: 2
Error:   switch 2 cathode 24 anode fd 

Data In: 92b3 Anode: fb Digit: 2
Error:   switch 2 cathode 24 anode fb 

Data In: 565f Anode: f7 Digit: 5
Error:   switch 5 cathode 12 anode f7 

Data In: 0d44 Anode: ef Digit: 4
Error:   switch 4 cathode 19 anode ef 

Data In: fdf7 Anode: df Digit: f
Error:   switch f cathode 0e anode df 

Data In: 36cb Anode: bf Digit: 6
Error:   switch 6 cathode 02 anode bf 

Data In: 1ae6 Anode: 7f Digit: 1
Error:   switch 1 cathode 79 anode 7f 

Data In: db5a Anode: fe Digit: a
Error:   switch a cathode 08 anode fe 

Data In: c129 Anode: fd Digit: 2
Error:   switch 2 cathode 24 anode fd 

Data In: e2ed Anode: fb Digit: 2
Error:   switch 2 cathode 24 anode fb 

Data In: 6cda Anode: f7 Digit: 6
Error:   switch 6 cathode 02 anode f7 

Data In: b665 Anode: ef Digit: 5
Error:   switch 5 cathode 12 anode ef 

Data In: e2b5 Anode: df Digit: b
Error:   switch b cathode 03 anode df 

Data In: 94df Anode: bf Digit: 4
Error:   switch 4 cathode 19 anode bf 

Data In: 1979 Anode: 7f Digit: 1
Error:   switch 1 cathode 79 anode 7f 

Data In: ff44 Anode: fe Digit: 4
Error:   switch 4 cathode 19 anode fe 

Data In: 0cd0 Anode: fd Digit: d
Error:   switch d cathode 21 anode fd 

Data In: 0b2a Anode: fb Digit: b
Error:   switch b cathode 03 anode fb 

Data In: adab Anode: f7 Digit: a
Error:   switch a cathode 08 anode f7 

Data In: cf0e Anode: ef Digit: e
Error:   switch e cathode 06 anode ef 

Data In: addc Anode: df Digit: d
Error:   switch d cathode 21 anode df 

Data In: bc9a Anode: bf Digit: c
Error:   switch c cathode 46 anode bf 

Data In: 72fd Anode: 7f Digit: 7
Error:   switch 7 cathode 78 anode 7f 

Data In: 02c3 Anode: fe Digit: 3
Error:   switch 3 cathode 30 anode fe 

Data In: ed56 Anode: fd Digit: 5
Error:   switch 5 cathode 12 anode fd 

Data In: e94e Anode: fb Digit: 9
Error:   switch 9 cathode 10 anode fb 

Data In: 7667 Anode: f7 Digit: 7
Error:   switch 7 cathode 78 anode f7 

Data In: 340a Anode: ef Digit: a
Error:   switch a cathode 08 anode ef 

Data In: b9b6 Anode: df Digit: b
Error:   switch b cathode 03 anode df 

Data In: 8a38 Anode: bf Digit: a
Error:   switch a cathode 08 anode bf 

Data In: 8779 Anode: 7f Digit: 8
Error:   switch 8 cathode 00 anode 7f 

Data In: c4b8 Anode: fe Digit: 8
Error:   switch 8 cathode 00 anode fe 

Data In: bf94 Anode: fd Digit: 9
Error:   switch 9 cathode 10 anode fd 

Data In: 5d93 Anode: fb Digit: d
Error:   switch d cathode 21 anode fb 

Data In: 2c04 Anode: f7 Digit: 2
Error:   switch 2 cathode 24 anode f7 

Data In: ca59 Anode: ef Digit: 9
Error:   switch 9 cathode 10 anode ef 

Data In: 69db Anode: df Digit: d
Error:   switch d cathode 21 anode df 

Data In: de4d Anode: bf Digit: e
Error:   switch e cathode 06 anode bf 

Data In: b7d9 Anode: 7f Digit: b
Error:   switch b cathode 03 anode 7f 

Data In: 266d Anode: fe Digit: d
Error:   switch d cathode 21 anode fe 

Data In: e276 Anode: fd Digit: 7
Error:   switch 7 cathode 78 anode fd 

Data In: 49ca Anode: fb Digit: 9
Error:   switch 9 cathode 10 anode fb 

Data In: 2db6 Anode: f7 Digit: 2
Error:   switch 2 cathode 24 anode f7 

Data In: 7195 Anode: ef Digit: 5
Error:   switch 5 cathode 12 anode ef 

Data In: 1a46 Anode: df Digit: 4
Error:   switch 4 cathode 19 anode df 

Data In: 9b04 Anode: bf Digit: b
Error:   switch b cathode 03 anode bf 

Data In: 61f7 Anode: 7f Digit: 6
Error:   switch 6 cathode 02 anode 7f 

Data In: 0769 Anode: fe Digit: 9
Error:   switch 9 cathode 10 anode fe 

Data In: bab4 Anode: fd Digit: b
Error:   switch b cathode 03 anode fd 

Data In: 8d88 Anode: fb Digit: d
Error:   switch d cathode 21 anode fb 

Data In: d928 Anode: f7 Digit: d
Error:   switch d cathode 21 anode f7 

Data In: 042d Anode: ef Digit: d
Error:   switch d cathode 21 anode ef 

Data In: 30c7 Anode: df Digit: c
Error:   switch c cathode 46 anode df 

Data In: 9c2e Anode: bf Digit: c
Error:   switch c cathode 46 anode bf 

Data In: e408 Anode: 7f Digit: e
Error:   switch e cathode 06 anode 7f 

Data In: 451c Anode: fe Digit: c
Error:   switch c cathode 46 anode fe 

Data In: a6fd Anode: fd Digit: f
Error:   switch f cathode 0e anode fd 

Data In: 0729 Anode: fb Digit: 7
Error:   switch 7 cathode 78 anode fb 

Data In: 901c Anode: f7 Digit: 9
Error:   switch 9 cathode 10 anode f7 

Data In: 6786 Anode: ef Digit: 6
Error:   switch 6 cathode 02 anode ef 

Data In: 08da Anode: df Digit: d
Error:   switch d cathode 21 anode df 

Data In: c63d Anode: bf Digit: 6
Error:   switch 6 cathode 02 anode bf 

Data In: a766 Anode: 7f Digit: a
Error:   switch a cathode 08 anode 7f 

Data In: c470 Anode: fe Digit: 0
Error:   switch 0 cathode 40 anode fe 

Data In: 0473 Anode: fd Digit: 7
Error:   switch 7 cathode 78 anode fd 

Data In: 99ba Anode: fb Digit: 9
Error:   switch 9 cathode 10 anode fb 

Data In: b35e Anode: f7 Digit: b
Error:   switch b cathode 03 anode f7 

Data In: 79fa Anode: ef Digit: a
Error:   switch a cathode 08 anode ef 

Data In: 05d5 Anode: df Digit: d
Error:   switch d cathode 21 anode df 

Data In: f61a Anode: bf Digit: 6
Error:   switch 6 cathode 02 anode bf 

Data In: 00b9 Anode: 7f Digit: 0
Error:   switch 0 cathode 40 anode 7f 

Data In: 6137 Anode: fe Digit: 7
Error:   switch 7 cathode 78 anode fe 

Data In: 3796 Anode: fd Digit: 9
Error:   switch 9 cathode 10 anode fd 

Data In: 21c0 Anode: fb Digit: 1
Error:   switch 1 cathode 79 anode fb 

Data In: 9f26 Anode: f7 Digit: 9
Error:   switch 9 cathode 10 anode f7 

Data In: 1ab6 Anode: ef Digit: 6
Error:   switch 6 cathode 02 anode ef 

Data In: 837d Anode: df Digit: 7
Error:   switch 7 cathode 78 anode df 

Data In: 0fdc Anode: bf Digit: f
Error:   switch f cathode 0e anode bf 

Data In: 5786 Anode: 7f Digit: 5
Error:   switch 5 cathode 12 anode 7f 

Data In: ff78 Anode: fe Digit: 8
Error:   switch 8 cathode 00 anode fe 

Data In: 9b7e Anode: fd Digit: 7
Error:   switch 7 cathode 78 anode fd 

Data In: 80db Anode: fb Digit: 0
Error:   switch 0 cathode 40 anode fb 

Data In: b6cf Anode: f7 Digit: b
Error:   switch b cathode 03 anode f7 

Data In: 2b79 Anode: ef Digit: 9
Error:   switch 9 cathode 10 anode ef 

Data In: e4fa Anode: df Digit: f
Error:   switch f cathode 0e anode df 

Data In: ee61 Anode: bf Digit: e
Error:   switch e cathode 06 anode bf 

Data In: 0917 Anode: 7f Digit: 0
Error:   switch 0 cathode 40 anode 7f 

Data In: 78a1 Anode: fe Digit: 1
Error:   switch 1 cathode 79 anode fe 
