Unable to capture context for thread 8232 in process 6660, can not generate back trace
Exception at PC 0x00007FFB23ACBB93
Printing stacktrace...

Unable to capture context for thread 8232 in process 6660, can not generate back trace
Exception at PC 0x00007FFB8B92A839
Exception at PC 0x00007FFB8B92A839
Exception at PC 0x00007FFB8B92A839
Exception at PC 0x00007FFB8B92A839
Exception at PC 0x00007FFB8B92A839
Exception at PC 0x00007FFB8B92A839
Exception at PC 0x00007FFB8B92A839
Exception at PC 0x00007FFB8B92A839
Exception at PC 0x00007FFB8B92A839
Exception at PC 0x00007FFB8B92A839
Exception at PC 0x00007FFB8B92A839
Exception at PC 0x00007FFB8B92A839
Exception at PC 0x00007FFB8B92A839
Exception at PC 0x00007FFB8B92A839
Exception at PC 0x00007FFB8B92A839
Exception at PC 0x00007FFB8B92A839
Exception at PC 0x00007FFB8B92A839
[0]  [0x00007FFB23ACBB93]
[1]  [0x00007FFB23ACBB93]
[2]  [0x00007FFB23ACB4A1]
[3]  [0x00007FFB23ACB3EF]
[4]  [0x00007FFB23AB19FE]
[5]  [0x00007FFB23AB0ED1]
[6]  [0x00007FFB23AB0D76]
[7]  [0x00007FFB23A579F6]
[8]  [0x00007FFB23A47AFB]
[9]  [0x00007FFB23B6E90A]
[10]  [0x00007FFB23B89F87]
[11]  [0x00007FFB23B8A05F]
[12] (BaseThreadInitThunk+0x14) [0x00007FFB8D057BD4]
[13] (RtlUserThreadStart+0x21) [0x00007FFB8E9CCED1]
Done
