#-----------------------------------------------------------
# Vivado v2016.2 (64-bit)
# SW Build 1577090 on Thu Jun  2 16:32:40 MDT 2016
# IP Build 1577682 on Fri Jun  3 12:00:54 MDT 2016
# Start of session at: Tue Feb 04 15:20:06 2020
# Process ID: 8044
# Current directory: C:/Users/oscar/Coding Projects/CSULB/CECS 301 SPRING 2020/Project 1
# Command line: vivado.exe -gui_launcher_event rodinguilauncherevent1364 C:\Users\oscar\Coding Projects\CSULB\CECS 301 SPRING 2020\Project 1\Project 1.xpr
# Log file: C:/Users/oscar/Coding Projects/CSULB/CECS 301 SPRING 2020/Project 1/vivado.log
# Journal file: C:/Users/oscar/Coding Projects/CSULB/CECS 301 SPRING 2020/Project 1\vivado.jou
#-----------------------------------------------------------
start_gui
open_project {C:/Users/oscar/Coding Projects/CSULB/CECS 301 SPRING 2020/Project 1/Project 1.xpr}
Scanning sources...
Finished scanning sources
INFO: [IP_Flow 19-234] Refreshing IP repositories
INFO: [IP_Flow 19-1704] No user IP repositories specified
INFO: [IP_Flow 19-2313] Loaded Vivado IP repository 'C:/Xilinx/Vivado/2016.2/data/ip'.
open_project: Time (s): cpu = 00:00:15 ; elapsed = 00:00:08 . Memory (MB): peak = 741.922 ; gain = 103.637
update_compile_order -fileset sources_1
exit
INFO: [Common 17-206] Exiting Vivado at Tue Feb 04 15:26:01 2020...
