#-----------------------------------------------------------
# Vivado v2016.2 (64-bit)
# SW Build 1577090 on Thu Jun  2 16:32:40 MDT 2016
# IP Build 1577682 on Fri Jun  3 12:00:54 MDT 2016
# Start of session at: Tue Feb 04 15:05:10 2020
# Process ID: 9800
# Current directory: C:/Users/oscar/Coding Projects/CSULB/CECS 301 SPRING 2020/Project 1
# Command line: vivado.exe -gui_launcher_event rodinguilauncherevent7564 C:\Users\oscar\Coding Projects\CSULB\CECS 301 SPRING 2020\Project 1\Project 1.xpr
# Log file: C:/Users/oscar/Coding Projects/CSULB/CECS 301 SPRING 2020/Project 1/vivado.log
# Journal file: C:/Users/oscar/Coding Projects/CSULB/CECS 301 SPRING 2020/Project 1\vivado.jou
#-----------------------------------------------------------
start_gui
open_project {C:/Users/oscar/Coding Projects/CSULB/CECS 301 SPRING 2020/Project 1/Project 1.xpr}
INFO: [Project 1-313] Project file moved from 'E:/Coding Projects/CECS 301 SPRING 2020/Project 1' since last save.
Scanning sources...
Finished scanning sources
CRITICAL WARNING: [Board 49-67] The board_part definition was not found for digilentinc.com:nexys-a7-100t:part0:1.0. Valid board_part values can be retrieved with the 'get_board_parts' Tcl command.
INFO: [IP_Flow 19-234] Refreshing IP repositories
INFO: [IP_Flow 19-1704] No user IP repositories specified
INFO: [IP_Flow 19-2313] Loaded Vivado IP repository 'C:/Xilinx/Vivado/2016.2/data/ip'.
open_project: Time (s): cpu = 00:00:24 ; elapsed = 00:00:32 . Memory (MB): peak = 716.617 ; gain = 128.879
update_compile_order -fileset sources_1
exit
INFO: [Common 17-206] Exiting Vivado at Tue Feb 04 15:07:52 2020...
