Unable to capture context for thread 1164 in process 7024, can not generate back trace
Unable to capture context for thread 10876 in process 7024, can not generate back trace
Unable to capture context for thread 9900 in process 7024, can not generate back trace
Exception at PC 0x00007FF9460D3B29
Unable to capture context for thread 9900 in process 7024, can not generate back trace
Exception at PC 0x00007FF8E148BB93
Printing stacktrace...

Exception at PC 0x00007FF9460D3B29
Exception at PC 0x00007FF9460D3B29
Exception at PC 0x00007FF9460D3B29
Exception at PC 0x00007FF9460D3B29
Exception at PC 0x00007FF9460D3B29
Exception at PC 0x00007FF9460D3B29
Exception at PC 0x00007FF9460D3B29
Exception at PC 0x00007FF9460D3B29
Exception at PC 0x00007FF9460D3B29
Exception at PC 0x00007FF9460D3B29
Exception at PC 0x00007FF9460D3B29
Exception at PC 0x00007FF9460D3B29
Exception at PC 0x00007FF9460D3B29
[0]  [0x00007FF8E148BB93]
[1]  [0x00007FF8E148BB93]
[2]  [0x00007FF8E148B4A1]
[3]  [0x00007FF8E148B3EF]
[4]  [0x00007FF8E14719FE]
[5]  [0x00007FF8E1470ED1]
[6]  [0x00007FF8E1470D76]
[7]  [0x00007FF8E14179F6]
[8]  [0x00007FF8E1407AFB]
[9]  [0x00007FF8E152E90A]
[10]  [0x00007FF8E1549F87]
[11]  [0x00007FF8E154A05F]
[12] (BaseThreadInitThunk+0x14) [0x00007FF948D87C24]
[13] (RtlUserThreadStart+0x21) [0x00007FF94914D4D1]
Done
Exception at PC 0x00007FF9460D3B29
Exception at PC 0x00007FF9460D3B29
Exception at PC 0x00007FF9460D3B29
